{"/Users/azrilmuh/Documents/Hacktiv8/IP-HCK82/Server/app.js": {"path":"/Users/azrilmuh/Documents/Hacktiv8/IP-HCK82/Server/app.js","statementMap":{"0":{"start":{"line":1,"column":0},"end":{"line":3,"column":1}},"1":{"start":{"line":2,"column":2},"end":{"line":2,"column":29}},"2":{"start":{"line":5,"column":16},"end":{"line":5,"column":34}},"3":{"start":{"line":6,"column":12},"end":{"line":6,"column":21}},"4":{"start":{"line":8,"column":23},"end":{"line":8,"column":62}},"5":{"start":{"line":9,"column":19},"end":{"line":9,"column":54}},"6":{"start":{"line":10,"column":23},"end":{"line":10,"column":62}},"7":{"start":{"line":11,"column":22},"end":{"line":11,"column":60}},"8":{"start":{"line":12,"column":13},"end":{"line":12,"column":28}},"9":{"start":{"line":13,"column":25},"end":{"line":13,"column":55}},"10":{"start":{"line":14,"column":15},"end":{"line":14,"column":33}},"11":{"start":{"line":15,"column":17},"end":{"line":15,"column":36}},"12":{"start":{"line":16,"column":25},"end":{"line":16,"column":52}},"13":{"start":{"line":17,"column":22},"end":{"line":17,"column":46}},"14":{"start":{"line":19,"column":0},"end":{"line":19,"column":16}},"15":{"start":{"line":20,"column":0},"end":{"line":20,"column":49}},"16":{"start":{"line":21,"column":0},"end":{"line":21,"column":24}},"17":{"start":{"line":22,"column":0},"end":{"line":24,"column":3}},"18":{"start":{"line":23,"column":2},"end":{"line":23,"column":27}},"19":{"start":{"line":25,"column":0},"end":{"line":60,"column":3}},"20":{"start":{"line":26,"column":26},"end":{"line":26,"column":34}},"21":{"start":{"line":27,"column":2},"end":{"line":29,"column":3}},"22":{"start":{"line":28,"column":4},"end":{"line":28,"column":73}},"23":{"start":{"line":30,"column":2},"end":{"line":59,"column":3}},"24":{"start":{"line":31,"column":19},"end":{"line":34,"column":6}},"25":{"start":{"line":36,"column":20},"end":{"line":36,"column":39}},"26":{"start":{"line":37,"column":4},"end":{"line":39,"column":5}},"27":{"start":{"line":38,"column":6},"end":{"line":38,"column":71}},"28":{"start":{"line":40,"column":28},"end":{"line":49,"column":6}},"29":{"start":{"line":51,"column":25},"end":{"line":51,"column":51}},"30":{"start":{"line":53,"column":4},"end":{"line":55,"column":68}},"31":{"start":{"line":58,"column":4},"end":{"line":58,"column":70}},"32":{"start":{"line":62,"column":0},"end":{"line":62,"column":47}},"33":{"start":{"line":63,"column":0},"end":{"line":63,"column":41}},"34":{"start":{"line":64,"column":0},"end":{"line":64,"column":24}},"35":{"start":{"line":65,"column":0},"end":{"line":65,"column":43}},"36":{"start":{"line":66,"column":0},"end":{"line":66,"column":49}},"37":{"start":{"line":67,"column":0},"end":{"line":67,"column":50}},"38":{"start":{"line":68,"column":0},"end":{"line":68,"column":54}},"39":{"start":{"line":69,"column":0},"end":{"line":69,"column":49}},"40":{"start":{"line":70,"column":0},"end":{"line":70,"column":59}},"41":{"start":{"line":71,"column":0},"end":{"line":71,"column":64}},"42":{"start":{"line":72,"column":0},"end":{"line":72,"column":58}},"43":{"start":{"line":74,"column":0},"end":{"line":74,"column":23}},"44":{"start":{"line":76,"column":0},"end":{"line":76,"column":21}}},"fnMap":{"0":{"name":"(anonymous_0)","decl":{"start":{"line":22,"column":13},"end":{"line":22,"column":14}},"loc":{"start":{"line":22,"column":27},"end":{"line":24,"column":1}},"line":22},"1":{"name":"(anonymous_1)","decl":{"start":{"line":25,"column":26},"end":{"line":25,"column":27}},"loc":{"start":{"line":25,"column":52},"end":{"line":60,"column":1}},"line":25}},"branchMap":{"0":{"loc":{"start":{"line":1,"column":0},"end":{"line":3,"column":1}},"type":"if","locations":[{"start":{"line":1,"column":0},"end":{"line":3,"column":1}},{"start":{},"end":{}}],"line":1},"1":{"loc":{"start":{"line":27,"column":2},"end":{"line":29,"column":3}},"type":"if","locations":[{"start":{"line":27,"column":2},"end":{"line":29,"column":3}},{"start":{},"end":{}}],"line":27},"2":{"loc":{"start":{"line":37,"column":4},"end":{"line":39,"column":5}},"type":"if","locations":[{"start":{"line":37,"column":4},"end":{"line":39,"column":5}},{"start":{},"end":{}}],"line":37},"3":{"loc":{"start":{"line":37,"column":8},"end":{"line":37,"column":43}},"type":"binary-expr","locations":[{"start":{"line":37,"column":8},"end":{"line":37,"column":16}},{"start":{"line":37,"column":20},"end":{"line":37,"column":43}}],"line":37},"4":{"loc":{"start":{"line":43,"column":14},"end":{"line":43,"column":43}},"type":"binary-expr","locations":[{"start":{"line":43,"column":14},"end":{"line":43,"column":26}},{"start":{"line":43,"column":30},"end":{"line":43,"column":43}}],"line":43},"5":{"loc":{"start":{"line":54,"column":14},"end":{"line":54,"column":33}},"type":"cond-expr","locations":[{"start":{"line":54,"column":24},"end":{"line":54,"column":27}},{"start":{"line":54,"column":30},"end":{"line":54,"column":33}}],"line":54}},"s":{"0":3,"1":3,"2":3,"3":3,"4":3,"5":3,"6":3,"7":3,"8":3,"9":3,"10":3,"11":3,"12":3,"13":3,"14":3,"15":3,"16":3,"17":3,"18":1,"19":3,"20":3,"21":3,"22":1,"23":2,"24":2,"25":1,"26":1,"27":0,"28":1,"29":1,"30":1,"31":1,"32":3,"33":3,"34":3,"35":3,"36":3,"37":3,"38":3,"39":3,"40":3,"41":3,"42":3,"43":3,"44":3},"f":{"0":1,"1":3},"b":{"0":[3,0],"1":[1,2],"2":[0,1],"3":[1,1],"4":[1,0],"5":[1,0]},"_coverageSchema":"1a1c01bbd47fc00a2c39e90264f33305004495a9","hash":"8afc41206fa4b207a1ef61e3b79300e180e1007f"}
,"/Users/azrilmuh/Documents/Hacktiv8/IP-HCK82/Server/Controllers/UserController.js": {"path":"/Users/azrilmuh/Documents/Hacktiv8/IP-HCK82/Server/Controllers/UserController.js","statementMap":{"0":{"start":{"line":1,"column":28},"end":{"line":1,"column":56}},"1":{"start":{"line":2,"column":22},"end":{"line":2,"column":47}},"2":{"start":{"line":3,"column":17},"end":{"line":3,"column":37}},"3":{"start":{"line":7,"column":38},"end":{"line":7,"column":46}},"4":{"start":{"line":8,"column":4},"end":{"line":21,"column":5}},"5":{"start":{"line":9,"column":19},"end":{"line":13,"column":8}},"6":{"start":{"line":14,"column":6},"end":{"line":18,"column":9}},"7":{"start":{"line":20,"column":6},"end":{"line":20,"column":16}},"8":{"start":{"line":25,"column":4},"end":{"line":44,"column":5}},"9":{"start":{"line":26,"column":34},"end":{"line":26,"column":42}},"10":{"start":{"line":27,"column":6},"end":{"line":31,"column":7}},"11":{"start":{"line":28,"column":8},"end":{"line":30,"column":64}},"12":{"start":{"line":32,"column":19},"end":{"line":32,"column":59}},"13":{"start":{"line":33,"column":6},"end":{"line":35,"column":7}},"14":{"start":{"line":34,"column":8},"end":{"line":34,"column":78}},"15":{"start":{"line":36,"column":30},"end":{"line":36,"column":70}},"16":{"start":{"line":37,"column":6},"end":{"line":39,"column":7}},"17":{"start":{"line":38,"column":8},"end":{"line":38,"column":78}},"18":{"start":{"line":40,"column":27},"end":{"line":40,"column":72}},"19":{"start":{"line":41,"column":6},"end":{"line":41,"column":45}},"20":{"start":{"line":43,"column":6},"end":{"line":43,"column":16}},"21":{"start":{"line":48,"column":0},"end":{"line":48,"column":32}}},"fnMap":{"0":{"name":"(anonymous_0)","decl":{"start":{"line":6,"column":2},"end":{"line":6,"column":3}},"loc":{"start":{"line":6,"column":40},"end":{"line":22,"column":3}},"line":6},"1":{"name":"(anonymous_1)","decl":{"start":{"line":24,"column":2},"end":{"line":24,"column":3}},"loc":{"start":{"line":24,"column":37},"end":{"line":45,"column":3}},"line":24}},"branchMap":{"0":{"loc":{"start":{"line":27,"column":6},"end":{"line":31,"column":7}},"type":"if","locations":[{"start":{"line":27,"column":6},"end":{"line":31,"column":7}},{"start":{},"end":{}}],"line":27},"1":{"loc":{"start":{"line":27,"column":10},"end":{"line":27,"column":29}},"type":"binary-expr","locations":[{"start":{"line":27,"column":10},"end":{"line":27,"column":16}},{"start":{"line":27,"column":20},"end":{"line":27,"column":29}}],"line":27},"2":{"loc":{"start":{"line":33,"column":6},"end":{"line":35,"column":7}},"type":"if","locations":[{"start":{"line":33,"column":6},"end":{"line":35,"column":7}},{"start":{},"end":{}}],"line":33},"3":{"loc":{"start":{"line":37,"column":6},"end":{"line":39,"column":7}},"type":"if","locations":[{"start":{"line":37,"column":6},"end":{"line":39,"column":7}},{"start":{},"end":{}}],"line":37}},"s":{"0":4,"1":4,"2":4,"3":5,"4":5,"5":5,"6":2,"7":3,"8":10,"9":10,"10":10,"11":3,"12":7,"13":6,"14":2,"15":4,"16":4,"17":2,"18":2,"19":2,"20":1,"21":4},"f":{"0":5,"1":10},"b":{"0":[3,7],"1":[10,9],"2":[2,4],"3":[2,2]},"_coverageSchema":"1a1c01bbd47fc00a2c39e90264f33305004495a9","hash":"6b52cc3ebb96f48621cc3e84283e2925accd9ae6"}
,"/Users/azrilmuh/Documents/Hacktiv8/IP-HCK82/Server/Controllers/controller.js": {"path":"/Users/azrilmuh/Documents/Hacktiv8/IP-HCK82/Server/Controllers/controller.js","statementMap":{"0":{"start":{"line":1,"column":29},"end":{"line":1,"column":49}},"1":{"start":{"line":2,"column":14},"end":{"line":2,"column":30}},"2":{"start":{"line":3,"column":24},"end":{"line":3,"column":48}},"3":{"start":{"line":4,"column":0},"end":{"line":4,"column":27}},"4":{"start":{"line":8,"column":4},"end":{"line":24,"column":5}},"5":{"start":{"line":9,"column":19},"end":{"line":11,"column":8}},"6":{"start":{"line":13,"column":6},"end":{"line":15,"column":7}},"7":{"start":{"line":14,"column":8},"end":{"line":14,"column":67}},"8":{"start":{"line":17,"column":6},"end":{"line":17,"column":21}},"9":{"start":{"line":20,"column":6},"end":{"line":22,"column":7}},"10":{"start":{"line":21,"column":8},"end":{"line":21,"column":64}},"11":{"start":{"line":23,"column":6},"end":{"line":23,"column":18}},"12":{"start":{"line":28,"column":4},"end":{"line":42,"column":5}},"13":{"start":{"line":29,"column":21},"end":{"line":29,"column":71}},"14":{"start":{"line":31,"column":6},"end":{"line":33,"column":7}},"15":{"start":{"line":32,"column":8},"end":{"line":32,"column":67}},"16":{"start":{"line":35,"column":6},"end":{"line":35,"column":61}},"17":{"start":{"line":38,"column":6},"end":{"line":40,"column":7}},"18":{"start":{"line":39,"column":8},"end":{"line":39,"column":64}},"19":{"start":{"line":41,"column":6},"end":{"line":41,"column":18}},"20":{"start":{"line":46,"column":4},"end":{"line":59,"column":5}},"21":{"start":{"line":47,"column":25},"end":{"line":50,"column":8}},"22":{"start":{"line":52,"column":6},"end":{"line":52,"column":39}},"23":{"start":{"line":55,"column":6},"end":{"line":57,"column":7}},"24":{"start":{"line":56,"column":8},"end":{"line":56,"column":64}},"25":{"start":{"line":58,"column":6},"end":{"line":58,"column":18}},"26":{"start":{"line":63,"column":4},"end":{"line":75,"column":5}},"27":{"start":{"line":64,"column":26},"end":{"line":66,"column":8}},"28":{"start":{"line":68,"column":6},"end":{"line":68,"column":28}},"29":{"start":{"line":71,"column":6},"end":{"line":73,"column":7}},"30":{"start":{"line":72,"column":8},"end":{"line":72,"column":64}},"31":{"start":{"line":74,"column":6},"end":{"line":74,"column":18}},"32":{"start":{"line":79,"column":4},"end":{"line":94,"column":5}},"33":{"start":{"line":80,"column":25},"end":{"line":80,"column":65}},"34":{"start":{"line":82,"column":6},"end":{"line":84,"column":7}},"35":{"start":{"line":83,"column":8},"end":{"line":83,"column":73}},"36":{"start":{"line":86,"column":32},"end":{"line":86,"column":65}},"37":{"start":{"line":87,"column":6},"end":{"line":87,"column":34}},"38":{"start":{"line":90,"column":6},"end":{"line":92,"column":7}},"39":{"start":{"line":91,"column":8},"end":{"line":91,"column":64}},"40":{"start":{"line":93,"column":6},"end":{"line":93,"column":18}},"41":{"start":{"line":98,"column":4},"end":{"line":114,"column":5}},"42":{"start":{"line":99,"column":21},"end":{"line":101,"column":8}},"43":{"start":{"line":103,"column":6},"end":{"line":105,"column":7}},"44":{"start":{"line":104,"column":8},"end":{"line":104,"column":73}},"45":{"start":{"line":107,"column":6},"end":{"line":107,"column":50}},"46":{"start":{"line":110,"column":6},"end":{"line":112,"column":7}},"47":{"start":{"line":111,"column":8},"end":{"line":111,"column":64}},"48":{"start":{"line":113,"column":6},"end":{"line":113,"column":18}},"49":{"start":{"line":118,"column":4},"end":{"line":140,"column":5}},"50":{"start":{"line":119,"column":19},"end":{"line":119,"column":37}},"51":{"start":{"line":120,"column":26},"end":{"line":122,"column":8}},"52":{"start":{"line":125,"column":6},"end":{"line":127,"column":7}},"53":{"start":{"line":126,"column":8},"end":{"line":126,"column":73}},"54":{"start":{"line":130,"column":24},"end":{"line":130,"column":70}},"55":{"start":{"line":130,"column":50},"end":{"line":130,"column":58}},"56":{"start":{"line":132,"column":21},"end":{"line":132,"column":40}},"57":{"start":{"line":133,"column":23},"end":{"line":135,"column":7}},"58":{"start":{"line":137,"column":6},"end":{"line":137,"column":30}},"59":{"start":{"line":139,"column":6},"end":{"line":139,"column":18}},"60":{"start":{"line":144,"column":4},"end":{"line":202,"column":5}},"61":{"start":{"line":146,"column":26},"end":{"line":148,"column":8}},"62":{"start":{"line":151,"column":21},"end":{"line":151,"column":40}},"63":{"start":{"line":152,"column":23},"end":{"line":156,"column":7}},"64":{"start":{"line":154,"column":25},"end":{"line":154,"column":33}},"65":{"start":{"line":159,"column":23},"end":{"line":159,"column":74}},"66":{"start":{"line":159,"column":50},"end":{"line":159,"column":62}},"67":{"start":{"line":162,"column":20},"end":{"line":162,"column":63}},"68":{"start":{"line":163,"column":20},"end":{"line":163,"column":32}},"69":{"start":{"line":166,"column":24},"end":{"line":171,"column":19}},"70":{"start":{"line":169,"column":12},"end":{"line":169,"column":105}},"71":{"start":{"line":173,"column":21},"end":{"line":173,"column":403}},"72":{"start":{"line":176,"column":21},"end":{"line":176,"column":56}},"73":{"start":{"line":177,"column":19},"end":{"line":177,"column":30}},"74":{"start":{"line":180,"column":28},"end":{"line":180,"column":30}},"75":{"start":{"line":181,"column":6},"end":{"line":193,"column":7}},"76":{"start":{"line":183,"column":26},"end":{"line":183,"column":49}},"77":{"start":{"line":184,"column":8},"end":{"line":189,"column":9}},"78":{"start":{"line":185,"column":10},"end":{"line":185,"column":53}},"79":{"start":{"line":188,"column":10},"end":{"line":188,"column":55}},"80":{"start":{"line":192,"column":8},"end":{"line":192,"column":53}},"81":{"start":{"line":195,"column":6},"end":{"line":199,"column":9}},"82":{"start":{"line":201,"column":6},"end":{"line":201,"column":18}},"83":{"start":{"line":206,"column":0},"end":{"line":206,"column":28}}},"fnMap":{"0":{"name":"(anonymous_0)","decl":{"start":{"line":7,"column":2},"end":{"line":7,"column":3}},"loc":{"start":{"line":7,"column":42},"end":{"line":25,"column":3}},"line":7},"1":{"name":"(anonymous_1)","decl":{"start":{"line":27,"column":2},"end":{"line":27,"column":3}},"loc":{"start":{"line":27,"column":45},"end":{"line":43,"column":3}},"line":27},"2":{"name":"(anonymous_2)","decl":{"start":{"line":45,"column":2},"end":{"line":45,"column":3}},"loc":{"start":{"line":45,"column":45},"end":{"line":60,"column":3}},"line":45},"3":{"name":"(anonymous_3)","decl":{"start":{"line":62,"column":2},"end":{"line":62,"column":3}},"loc":{"start":{"line":62,"column":45},"end":{"line":76,"column":3}},"line":62},"4":{"name":"(anonymous_4)","decl":{"start":{"line":78,"column":2},"end":{"line":78,"column":3}},"loc":{"start":{"line":78,"column":46},"end":{"line":95,"column":3}},"line":78},"5":{"name":"(anonymous_5)","decl":{"start":{"line":97,"column":2},"end":{"line":97,"column":3}},"loc":{"start":{"line":97,"column":48},"end":{"line":115,"column":3}},"line":97},"6":{"name":"(anonymous_6)","decl":{"start":{"line":117,"column":2},"end":{"line":117,"column":3}},"loc":{"start":{"line":117,"column":47},"end":{"line":141,"column":3}},"line":117},"7":{"name":"(anonymous_7)","decl":{"start":{"line":130,"column":40},"end":{"line":130,"column":41}},"loc":{"start":{"line":130,"column":50},"end":{"line":130,"column":58}},"line":130},"8":{"name":"(anonymous_8)","decl":{"start":{"line":143,"column":2},"end":{"line":143,"column":3}},"loc":{"start":{"line":143,"column":55},"end":{"line":203,"column":3}},"line":143},"9":{"name":"(anonymous_9)","decl":{"start":{"line":154,"column":15},"end":{"line":154,"column":16}},"loc":{"start":{"line":154,"column":25},"end":{"line":154,"column":33}},"line":154},"10":{"name":"(anonymous_10)","decl":{"start":{"line":159,"column":41},"end":{"line":159,"column":42}},"loc":{"start":{"line":159,"column":50},"end":{"line":159,"column":62}},"line":159},"11":{"name":"(anonymous_11)","decl":{"start":{"line":168,"column":10},"end":{"line":168,"column":11}},"loc":{"start":{"line":169,"column":12},"end":{"line":169,"column":105}},"line":169}},"branchMap":{"0":{"loc":{"start":{"line":13,"column":6},"end":{"line":15,"column":7}},"type":"if","locations":[{"start":{"line":13,"column":6},"end":{"line":15,"column":7}},{"start":{},"end":{}}],"line":13},"1":{"loc":{"start":{"line":20,"column":6},"end":{"line":22,"column":7}},"type":"if","locations":[{"start":{"line":20,"column":6},"end":{"line":22,"column":7}},{"start":{},"end":{}}],"line":20},"2":{"loc":{"start":{"line":31,"column":6},"end":{"line":33,"column":7}},"type":"if","locations":[{"start":{"line":31,"column":6},"end":{"line":33,"column":7}},{"start":{},"end":{}}],"line":31},"3":{"loc":{"start":{"line":38,"column":6},"end":{"line":40,"column":7}},"type":"if","locations":[{"start":{"line":38,"column":6},"end":{"line":40,"column":7}},{"start":{},"end":{}}],"line":38},"4":{"loc":{"start":{"line":55,"column":6},"end":{"line":57,"column":7}},"type":"if","locations":[{"start":{"line":55,"column":6},"end":{"line":57,"column":7}},{"start":{},"end":{}}],"line":55},"5":{"loc":{"start":{"line":71,"column":6},"end":{"line":73,"column":7}},"type":"if","locations":[{"start":{"line":71,"column":6},"end":{"line":73,"column":7}},{"start":{},"end":{}}],"line":71},"6":{"loc":{"start":{"line":82,"column":6},"end":{"line":84,"column":7}},"type":"if","locations":[{"start":{"line":82,"column":6},"end":{"line":84,"column":7}},{"start":{},"end":{}}],"line":82},"7":{"loc":{"start":{"line":90,"column":6},"end":{"line":92,"column":7}},"type":"if","locations":[{"start":{"line":90,"column":6},"end":{"line":92,"column":7}},{"start":{},"end":{}}],"line":90},"8":{"loc":{"start":{"line":103,"column":6},"end":{"line":105,"column":7}},"type":"if","locations":[{"start":{"line":103,"column":6},"end":{"line":105,"column":7}},{"start":{},"end":{}}],"line":103},"9":{"loc":{"start":{"line":110,"column":6},"end":{"line":112,"column":7}},"type":"if","locations":[{"start":{"line":110,"column":6},"end":{"line":112,"column":7}},{"start":{},"end":{}}],"line":110},"10":{"loc":{"start":{"line":119,"column":19},"end":{"line":119,"column":37}},"type":"binary-expr","locations":[{"start":{"line":119,"column":19},"end":{"line":119,"column":32}},{"start":{"line":119,"column":36},"end":{"line":119,"column":37}}],"line":119},"11":{"loc":{"start":{"line":125,"column":6},"end":{"line":127,"column":7}},"type":"if","locations":[{"start":{"line":125,"column":6},"end":{"line":127,"column":7}},{"start":{},"end":{}}],"line":125},"12":{"loc":{"start":{"line":184,"column":8},"end":{"line":189,"column":9}},"type":"if","locations":[{"start":{"line":184,"column":8},"end":{"line":189,"column":9}},{"start":{"line":186,"column":15},"end":{"line":189,"column":9}}],"line":184}},"s":{"0":4,"1":4,"2":4,"3":4,"4":4,"5":4,"6":3,"7":1,"8":2,"9":1,"10":1,"11":0,"12":4,"13":4,"14":3,"15":1,"16":2,"17":1,"18":1,"19":0,"20":6,"21":6,"22":3,"23":3,"24":3,"25":0,"26":5,"27":5,"28":4,"29":1,"30":1,"31":0,"32":7,"33":7,"34":7,"35":3,"36":4,"37":3,"38":1,"39":1,"40":0,"41":7,"42":7,"43":6,"44":3,"45":3,"46":1,"47":1,"48":0,"49":3,"50":3,"51":3,"52":3,"53":1,"54":2,"55":3,"56":2,"57":2,"58":1,"59":1,"60":3,"61":3,"62":2,"63":2,"64":2,"65":2,"66":2,"67":2,"68":2,"69":2,"70":2,"71":2,"72":2,"73":2,"74":2,"75":2,"76":2,"77":2,"78":1,"79":1,"80":0,"81":2,"82":1,"83":4},"f":{"0":4,"1":4,"2":6,"3":5,"4":7,"5":7,"6":3,"7":3,"8":3,"9":2,"10":2,"11":2},"b":{"0":[1,2],"1":[1,0],"2":[1,2],"3":[1,0],"4":[3,0],"5":[1,0],"6":[3,4],"7":[1,0],"8":[3,3],"9":[1,0],"10":[3,0],"11":[1,2],"12":[1,1]},"_coverageSchema":"1a1c01bbd47fc00a2c39e90264f33305004495a9","hash":"09d3876a702c284fb6a754bc5f065c9a31adfcca"}
,"/Users/azrilmuh/Documents/Hacktiv8/IP-HCK82/Server/Controllers/errorHandlers.js": {"path":"/Users/azrilmuh/Documents/Hacktiv8/IP-HCK82/Server/Controllers/errorHandlers.js","statementMap":{"0":{"start":{"line":2,"column":2},"end":{"line":24,"column":3}},"1":{"start":{"line":5,"column":6},"end":{"line":5,"column":63}},"2":{"start":{"line":6,"column":6},"end":{"line":6,"column":13}},"3":{"start":{"line":8,"column":6},"end":{"line":8,"column":53}},"4":{"start":{"line":9,"column":6},"end":{"line":9,"column":13}},"5":{"start":{"line":11,"column":6},"end":{"line":11,"column":57}},"6":{"start":{"line":12,"column":6},"end":{"line":12,"column":13}},"7":{"start":{"line":14,"column":6},"end":{"line":14,"column":53}},"8":{"start":{"line":15,"column":6},"end":{"line":15,"column":13}},"9":{"start":{"line":17,"column":6},"end":{"line":17,"column":53}},"10":{"start":{"line":18,"column":6},"end":{"line":18,"column":13}},"11":{"start":{"line":20,"column":6},"end":{"line":20,"column":53}},"12":{"start":{"line":21,"column":6},"end":{"line":21,"column":13}},"13":{"start":{"line":23,"column":6},"end":{"line":23,"column":72}},"14":{"start":{"line":27,"column":0},"end":{"line":27,"column":31}}},"fnMap":{"0":{"name":"errorHandlers","decl":{"start":{"line":1,"column":9},"end":{"line":1,"column":22}},"loc":{"start":{"line":1,"column":44},"end":{"line":25,"column":1}},"line":1}},"branchMap":{"0":{"loc":{"start":{"line":2,"column":2},"end":{"line":24,"column":3}},"type":"switch","locations":[{"start":{"line":3,"column":4},"end":{"line":3,"column":36}},{"start":{"line":4,"column":4},"end":{"line":6,"column":13}},{"start":{"line":7,"column":4},"end":{"line":9,"column":13}},{"start":{"line":10,"column":4},"end":{"line":12,"column":13}},{"start":{"line":13,"column":4},"end":{"line":15,"column":13}},{"start":{"line":16,"column":4},"end":{"line":18,"column":13}},{"start":{"line":19,"column":4},"end":{"line":21,"column":13}},{"start":{"line":22,"column":4},"end":{"line":23,"column":72}}],"line":2}},"s":{"0":21,"1":4,"2":4,"3":1,"4":1,"5":3,"6":3,"7":10,"8":10,"9":1,"10":1,"11":1,"12":1,"13":1,"14":4},"f":{"0":21},"b":{"0":[2,4,1,3,10,1,1,1]},"_coverageSchema":"1a1c01bbd47fc00a2c39e90264f33305004495a9","hash":"3ee8db22ff5fefca1c861902e2867923cc3135ad"}
,"/Users/azrilmuh/Documents/Hacktiv8/IP-HCK82/Server/bin/www": {"path":"/Users/azrilmuh/Documents/Hacktiv8/IP-HCK82/Server/bin/www","statementMap":{"0":{"start":{"line":1,"column":0},"end":{"line":3,"column":1}},"1":{"start":{"line":2,"column":2},"end":{"line":2,"column":29}},"2":{"start":{"line":5,"column":12},"end":{"line":5,"column":32}},"3":{"start":{"line":6,"column":13},"end":{"line":6,"column":37}},"4":{"start":{"line":8,"column":0},"end":{"line":10,"column":3}},"5":{"start":{"line":9,"column":2},"end":{"line":9,"column":55}}},"fnMap":{"0":{"name":"(anonymous_0)","decl":{"start":{"line":8,"column":17},"end":{"line":8,"column":18}},"loc":{"start":{"line":8,"column":23},"end":{"line":10,"column":1}},"line":8}},"branchMap":{"0":{"loc":{"start":{"line":1,"column":0},"end":{"line":3,"column":1}},"type":"if","locations":[{"start":{"line":1,"column":0},"end":{"line":3,"column":1}},{"start":{},"end":{}}],"line":1},"1":{"loc":{"start":{"line":6,"column":13},"end":{"line":6,"column":37}},"type":"binary-expr","locations":[{"start":{"line":6,"column":13},"end":{"line":6,"column":29}},{"start":{"line":6,"column":33},"end":{"line":6,"column":37}}],"line":6}},"s":{"0":4,"1":3,"2":4,"3":4,"4":4,"5":4},"f":{"0":4},"b":{"0":[3,1],"1":[4,3]},"inputSourceMap":null,"_coverageSchema":"1a1c01bbd47fc00a2c39e90264f33305004495a9","hash":"581e383a0d7819c92336b9c2c9b31f640cb5bc10"}
,"/Users/azrilmuh/Documents/Hacktiv8/IP-HCK82/Server/helpers/bcrypt.js": {"path":"/Users/azrilmuh/Documents/Hacktiv8/IP-HCK82/Server/helpers/bcrypt.js","statementMap":{"0":{"start":{"line":1,"column":15},"end":{"line":1,"column":34}},"1":{"start":{"line":3,"column":21},"end":{"line":6,"column":1}},"2":{"start":{"line":4,"column":15},"end":{"line":4,"column":37}},"3":{"start":{"line":5,"column":2},"end":{"line":5,"column":41}},"4":{"start":{"line":8,"column":24},"end":{"line":10,"column":1}},"5":{"start":{"line":9,"column":2},"end":{"line":9,"column":54}},"6":{"start":{"line":11,"column":0},"end":{"line":11,"column":51}}},"fnMap":{"0":{"name":"(anonymous_0)","decl":{"start":{"line":3,"column":21},"end":{"line":3,"column":22}},"loc":{"start":{"line":3,"column":35},"end":{"line":6,"column":1}},"line":3},"1":{"name":"(anonymous_1)","decl":{"start":{"line":8,"column":24},"end":{"line":8,"column":25}},"loc":{"start":{"line":8,"column":54},"end":{"line":10,"column":1}},"line":8}},"branchMap":{},"s":{"0":5,"1":5,"2":13,"3":13,"4":5,"5":7,"6":5},"f":{"0":13,"1":7},"b":{},"_coverageSchema":"1a1c01bbd47fc00a2c39e90264f33305004495a9","hash":"bb60bf7fe91433e91b0ee3b9d6e022b09cdbd220"}
,"/Users/azrilmuh/Documents/Hacktiv8/IP-HCK82/Server/helpers/jwt.js": {"path":"/Users/azrilmuh/Documents/Hacktiv8/IP-HCK82/Server/helpers/jwt.js","statementMap":{"0":{"start":{"line":1,"column":0},"end":{"line":1,"column":27}},"1":{"start":{"line":2,"column":12},"end":{"line":2,"column":35}},"2":{"start":{"line":3,"column":19},"end":{"line":3,"column":41}},"3":{"start":{"line":4,"column":18},"end":{"line":6,"column":1}},"4":{"start":{"line":5,"column":2},"end":{"line":5,"column":36}},"5":{"start":{"line":7,"column":20},"end":{"line":9,"column":1}},"6":{"start":{"line":8,"column":2},"end":{"line":8,"column":39}},"7":{"start":{"line":10,"column":0},"end":{"line":10,"column":44}}},"fnMap":{"0":{"name":"(anonymous_0)","decl":{"start":{"line":4,"column":18},"end":{"line":4,"column":19}},"loc":{"start":{"line":4,"column":28},"end":{"line":6,"column":1}},"line":4},"1":{"name":"(anonymous_1)","decl":{"start":{"line":7,"column":20},"end":{"line":7,"column":21}},"loc":{"start":{"line":7,"column":31},"end":{"line":9,"column":1}},"line":7}},"branchMap":{},"s":{"0":4,"1":4,"2":4,"3":4,"4":6,"5":4,"6":24,"7":4},"f":{"0":6,"1":24},"b":{},"_coverageSchema":"1a1c01bbd47fc00a2c39e90264f33305004495a9","hash":"3dd1c2a38945497982ff265c3ca0e8cf4cff684a"}
,"/Users/azrilmuh/Documents/Hacktiv8/IP-HCK82/Server/middlewares/authentication.js": {"path":"/Users/azrilmuh/Documents/Hacktiv8/IP-HCK82/Server/middlewares/authentication.js","statementMap":{"0":{"start":{"line":1,"column":17},"end":{"line":1,"column":37}},"1":{"start":{"line":2,"column":24},"end":{"line":2,"column":49}},"2":{"start":{"line":4,"column":23},"end":{"line":36,"column":1}},"3":{"start":{"line":5,"column":22},"end":{"line":5,"column":50}},"4":{"start":{"line":6,"column":2},"end":{"line":9,"column":3}},"5":{"start":{"line":7,"column":4},"end":{"line":7,"column":61}},"6":{"start":{"line":8,"column":4},"end":{"line":8,"column":11}},"7":{"start":{"line":12,"column":2},"end":{"line":15,"column":3}},"8":{"start":{"line":13,"column":4},"end":{"line":13,"column":61}},"9":{"start":{"line":14,"column":4},"end":{"line":14,"column":11}},"10":{"start":{"line":17,"column":20},"end":{"line":17,"column":42}},"11":{"start":{"line":18,"column":2},"end":{"line":21,"column":3}},"12":{"start":{"line":19,"column":4},"end":{"line":19,"column":61}},"13":{"start":{"line":20,"column":4},"end":{"line":20,"column":11}},"14":{"start":{"line":23,"column":2},"end":{"line":35,"column":3}},"15":{"start":{"line":24,"column":17},"end":{"line":24,"column":35}},"16":{"start":{"line":25,"column":17},"end":{"line":25,"column":45}},"17":{"start":{"line":27,"column":4},"end":{"line":30,"column":5}},"18":{"start":{"line":28,"column":6},"end":{"line":28,"column":63}},"19":{"start":{"line":29,"column":6},"end":{"line":29,"column":13}},"20":{"start":{"line":31,"column":4},"end":{"line":31,"column":20}},"21":{"start":{"line":32,"column":4},"end":{"line":32,"column":11}},"22":{"start":{"line":34,"column":4},"end":{"line":34,"column":14}},"23":{"start":{"line":38,"column":0},"end":{"line":38,"column":32}}},"fnMap":{"0":{"name":"(anonymous_0)","decl":{"start":{"line":4,"column":23},"end":{"line":4,"column":24}},"loc":{"start":{"line":4,"column":49},"end":{"line":36,"column":1}},"line":4}},"branchMap":{"0":{"loc":{"start":{"line":6,"column":2},"end":{"line":9,"column":3}},"type":"if","locations":[{"start":{"line":6,"column":2},"end":{"line":9,"column":3}},{"start":{},"end":{}}],"line":6},"1":{"loc":{"start":{"line":12,"column":2},"end":{"line":15,"column":3}},"type":"if","locations":[{"start":{"line":12,"column":2},"end":{"line":15,"column":3}},{"start":{},"end":{}}],"line":12},"2":{"loc":{"start":{"line":18,"column":2},"end":{"line":21,"column":3}},"type":"if","locations":[{"start":{"line":18,"column":2},"end":{"line":21,"column":3}},{"start":{},"end":{}}],"line":18},"3":{"loc":{"start":{"line":27,"column":4},"end":{"line":30,"column":5}},"type":"if","locations":[{"start":{"line":27,"column":4},"end":{"line":30,"column":5}},{"start":{},"end":{}}],"line":27}},"s":{"0":4,"1":4,"2":4,"3":38,"4":38,"5":9,"6":9,"7":29,"8":2,"9":2,"10":27,"11":27,"12":0,"13":0,"14":27,"15":27,"16":22,"17":21,"18":2,"19":2,"20":19,"21":19,"22":6,"23":4},"f":{"0":38},"b":{"0":[9,29],"1":[2,27],"2":[0,27],"3":[2,19]},"_coverageSchema":"1a1c01bbd47fc00a2c39e90264f33305004495a9","hash":"104c0fce3e3c0355888b734790784d1dc2d18dca"}
,"/Users/azrilmuh/Documents/Hacktiv8/IP-HCK82/Server/models/index.js": {"path":"/Users/azrilmuh/Documents/Hacktiv8/IP-HCK82/Server/models/index.js","statementMap":{"0":{"start":{"line":3,"column":11},"end":{"line":3,"column":24}},"1":{"start":{"line":4,"column":13},"end":{"line":4,"column":28}},"2":{"start":{"line":5,"column":18},"end":{"line":5,"column":38}},"3":{"start":{"line":6,"column":16},"end":{"line":6,"column":34}},"4":{"start":{"line":7,"column":17},"end":{"line":7,"column":42}},"5":{"start":{"line":8,"column":12},"end":{"line":8,"column":49}},"6":{"start":{"line":9,"column":15},"end":{"line":9,"column":65}},"7":{"start":{"line":10,"column":11},"end":{"line":10,"column":13}},"8":{"start":{"line":13,"column":0},"end":{"line":22,"column":1}},"9":{"start":{"line":14,"column":2},"end":{"line":14,"column":74}},"10":{"start":{"line":16,"column":2},"end":{"line":21,"column":4}},"11":{"start":{"line":24,"column":0},"end":{"line":39,"column":5}},"12":{"start":{"line":26,"column":4},"end":{"line":31,"column":6}},"13":{"start":{"line":34,"column":18},"end":{"line":37,"column":5}},"14":{"start":{"line":38,"column":4},"end":{"line":38,"column":27}},"15":{"start":{"line":41,"column":0},"end":{"line":45,"column":3}},"16":{"start":{"line":42,"column":2},"end":{"line":44,"column":3}},"17":{"start":{"line":43,"column":4},"end":{"line":43,"column":32}},"18":{"start":{"line":47,"column":0},"end":{"line":47,"column":25}},"19":{"start":{"line":48,"column":0},"end":{"line":48,"column":25}},"20":{"start":{"line":50,"column":0},"end":{"line":50,"column":20}}},"fnMap":{"0":{"name":"(anonymous_0)","decl":{"start":{"line":25,"column":10},"end":{"line":25,"column":11}},"loc":{"start":{"line":25,"column":20},"end":{"line":32,"column":3}},"line":25},"1":{"name":"(anonymous_1)","decl":{"start":{"line":33,"column":11},"end":{"line":33,"column":12}},"loc":{"start":{"line":33,"column":21},"end":{"line":39,"column":3}},"line":33},"2":{"name":"(anonymous_2)","decl":{"start":{"line":41,"column":24},"end":{"line":41,"column":25}},"loc":{"start":{"line":41,"column":39},"end":{"line":45,"column":1}},"line":41}},"branchMap":{"0":{"loc":{"start":{"line":8,"column":12},"end":{"line":8,"column":49}},"type":"binary-expr","locations":[{"start":{"line":8,"column":12},"end":{"line":8,"column":32}},{"start":{"line":8,"column":36},"end":{"line":8,"column":49}}],"line":8},"1":{"loc":{"start":{"line":13,"column":0},"end":{"line":22,"column":1}},"type":"if","locations":[{"start":{"line":13,"column":0},"end":{"line":22,"column":1}},{"start":{"line":15,"column":7},"end":{"line":22,"column":1}}],"line":13},"2":{"loc":{"start":{"line":27,"column":6},"end":{"line":30,"column":37}},"type":"binary-expr","locations":[{"start":{"line":27,"column":6},"end":{"line":27,"column":29}},{"start":{"line":28,"column":6},"end":{"line":28,"column":23}},{"start":{"line":29,"column":6},"end":{"line":29,"column":30}},{"start":{"line":30,"column":6},"end":{"line":30,"column":37}}],"line":27},"3":{"loc":{"start":{"line":42,"column":2},"end":{"line":44,"column":3}},"type":"if","locations":[{"start":{"line":42,"column":2},"end":{"line":44,"column":3}},{"start":{},"end":{}}],"line":42}},"s":{"0":4,"1":4,"2":4,"3":4,"4":4,"5":4,"6":4,"7":4,"8":4,"9":0,"10":4,"11":4,"12":12,"13":8,"14":8,"15":4,"16":8,"17":8,"18":4,"19":4,"20":4},"f":{"0":12,"1":8,"2":8},"b":{"0":[4,0],"1":[0,4],"2":[12,12,8,8],"3":[8,0]},"_coverageSchema":"1a1c01bbd47fc00a2c39e90264f33305004495a9","hash":"4baf7c8cb18b9f61706cd5403b1cb5342344a979"}
,"/Users/azrilmuh/Documents/Hacktiv8/IP-HCK82/Server/models/preference.js": {"path":"/Users/azrilmuh/Documents/Hacktiv8/IP-HCK82/Server/models/preference.js","statementMap":{"0":{"start":{"line":2,"column":18},"end":{"line":2,"column":38}},"1":{"start":{"line":3,"column":0},"end":{"line":66,"column":2}},"2":{"start":{"line":11,"column":6},"end":{"line":14,"column":9}},"3":{"start":{"line":17,"column":2},"end":{"line":64,"column":4}},"4":{"start":{"line":65,"column":2},"end":{"line":65,"column":20}}},"fnMap":{"0":{"name":"(anonymous_0)","decl":{"start":{"line":3,"column":17},"end":{"line":3,"column":18}},"loc":{"start":{"line":3,"column":43},"end":{"line":66,"column":1}},"line":3},"1":{"name":"(anonymous_1)","decl":{"start":{"line":10,"column":4},"end":{"line":10,"column":5}},"loc":{"start":{"line":10,"column":29},"end":{"line":15,"column":5}},"line":10}},"branchMap":{},"s":{"0":4,"1":4,"2":4,"3":4,"4":4},"f":{"0":4,"1":4},"b":{},"_coverageSchema":"1a1c01bbd47fc00a2c39e90264f33305004495a9","hash":"c0a8b26d3089d3e80673b76b6f37307220e5c79a"}
,"/Users/azrilmuh/Documents/Hacktiv8/IP-HCK82/Server/models/user.js": {"path":"/Users/azrilmuh/Documents/Hacktiv8/IP-HCK82/Server/models/user.js","statementMap":{"0":{"start":{"line":2,"column":18},"end":{"line":2,"column":38}},"1":{"start":{"line":3,"column":25},"end":{"line":3,"column":53}},"2":{"start":{"line":5,"column":0},"end":{"line":63,"column":2}},"3":{"start":{"line":13,"column":6},"end":{"line":16,"column":9}},"4":{"start":{"line":19,"column":2},"end":{"line":58,"column":4}},"5":{"start":{"line":59,"column":2},"end":{"line":61,"column":5}},"6":{"start":{"line":60,"column":4},"end":{"line":60,"column":48}},"7":{"start":{"line":62,"column":2},"end":{"line":62,"column":14}}},"fnMap":{"0":{"name":"(anonymous_0)","decl":{"start":{"line":5,"column":17},"end":{"line":5,"column":18}},"loc":{"start":{"line":5,"column":43},"end":{"line":63,"column":1}},"line":5},"1":{"name":"(anonymous_1)","decl":{"start":{"line":12,"column":4},"end":{"line":12,"column":5}},"loc":{"start":{"line":12,"column":29},"end":{"line":17,"column":5}},"line":12},"2":{"name":"(anonymous_2)","decl":{"start":{"line":59,"column":20},"end":{"line":59,"column":21}},"loc":{"start":{"line":59,"column":30},"end":{"line":61,"column":3}},"line":59}},"branchMap":{},"s":{"0":4,"1":4,"2":4,"3":4,"4":4,"5":4,"6":6,"7":4},"f":{"0":4,"1":4,"2":6},"b":{},"_coverageSchema":"1a1c01bbd47fc00a2c39e90264f33305004495a9","hash":"97c3e5604ea6370954d97926bdda4c6db31a1533"}
}
