{"/Users/azrilmuh/Documents/Hacktiv8/IP-HCK82/Server/app.js": {"path":"/Users/azrilmuh/Documents/Hacktiv8/IP-HCK82/Server/app.js","statementMap":{"0":{"start":{"line":1,"column":0},"end":{"line":3,"column":1}},"1":{"start":{"line":2,"column":2},"end":{"line":2,"column":29}},"2":{"start":{"line":5,"column":16},"end":{"line":5,"column":34}},"3":{"start":{"line":6,"column":12},"end":{"line":6,"column":21}},"4":{"start":{"line":8,"column":23},"end":{"line":8,"column":62}},"5":{"start":{"line":9,"column":19},"end":{"line":9,"column":54}},"6":{"start":{"line":10,"column":23},"end":{"line":10,"column":62}},"7":{"start":{"line":11,"column":22},"end":{"line":11,"column":60}},"8":{"start":{"line":12,"column":13},"end":{"line":12,"column":28}},"9":{"start":{"line":13,"column":25},"end":{"line":13,"column":55}},"10":{"start":{"line":14,"column":15},"end":{"line":14,"column":33}},"11":{"start":{"line":15,"column":17},"end":{"line":15,"column":36}},"12":{"start":{"line":16,"column":25},"end":{"line":16,"column":52}},"13":{"start":{"line":17,"column":22},"end":{"line":17,"column":46}},"14":{"start":{"line":19,"column":0},"end":{"line":19,"column":16}},"15":{"start":{"line":20,"column":0},"end":{"line":20,"column":49}},"16":{"start":{"line":21,"column":0},"end":{"line":21,"column":24}},"17":{"start":{"line":22,"column":0},"end":{"line":24,"column":3}},"18":{"start":{"line":23,"column":2},"end":{"line":23,"column":27}},"19":{"start":{"line":25,"column":0},"end":{"line":60,"column":3}},"20":{"start":{"line":26,"column":26},"end":{"line":26,"column":34}},"21":{"start":{"line":27,"column":2},"end":{"line":29,"column":3}},"22":{"start":{"line":28,"column":4},"end":{"line":28,"column":70}},"23":{"start":{"line":30,"column":2},"end":{"line":59,"column":3}},"24":{"start":{"line":31,"column":19},"end":{"line":34,"column":6}},"25":{"start":{"line":35,"column":4},"end":{"line":35,"column":67}},"26":{"start":{"line":36,"column":20},"end":{"line":36,"column":39}},"27":{"start":{"line":37,"column":4},"end":{"line":39,"column":5}},"28":{"start":{"line":38,"column":6},"end":{"line":38,"column":68}},"29":{"start":{"line":40,"column":28},"end":{"line":49,"column":6}},"30":{"start":{"line":51,"column":25},"end":{"line":51,"column":51}},"31":{"start":{"line":53,"column":4},"end":{"line":55,"column":68}},"32":{"start":{"line":57,"column":4},"end":{"line":57,"column":63}},"33":{"start":{"line":58,"column":4},"end":{"line":58,"column":16}},"34":{"start":{"line":62,"column":0},"end":{"line":62,"column":47}},"35":{"start":{"line":63,"column":0},"end":{"line":63,"column":41}},"36":{"start":{"line":64,"column":0},"end":{"line":64,"column":24}},"37":{"start":{"line":65,"column":0},"end":{"line":65,"column":43}},"38":{"start":{"line":66,"column":0},"end":{"line":66,"column":49}},"39":{"start":{"line":67,"column":0},"end":{"line":67,"column":50}},"40":{"start":{"line":68,"column":0},"end":{"line":68,"column":54}},"41":{"start":{"line":69,"column":0},"end":{"line":69,"column":49}},"42":{"start":{"line":70,"column":0},"end":{"line":70,"column":59}},"43":{"start":{"line":71,"column":0},"end":{"line":71,"column":64}},"44":{"start":{"line":72,"column":0},"end":{"line":72,"column":58}},"45":{"start":{"line":74,"column":0},"end":{"line":74,"column":23}},"46":{"start":{"line":80,"column":0},"end":{"line":80,"column":21}}},"fnMap":{"0":{"name":"(anonymous_0)","decl":{"start":{"line":22,"column":13},"end":{"line":22,"column":14}},"loc":{"start":{"line":22,"column":27},"end":{"line":24,"column":1}},"line":22},"1":{"name":"(anonymous_1)","decl":{"start":{"line":25,"column":26},"end":{"line":25,"column":27}},"loc":{"start":{"line":25,"column":52},"end":{"line":60,"column":1}},"line":25}},"branchMap":{"0":{"loc":{"start":{"line":1,"column":0},"end":{"line":3,"column":1}},"type":"if","locations":[{"start":{"line":1,"column":0},"end":{"line":3,"column":1}},{"start":{},"end":{}}],"line":1},"1":{"loc":{"start":{"line":27,"column":2},"end":{"line":29,"column":3}},"type":"if","locations":[{"start":{"line":27,"column":2},"end":{"line":29,"column":3}},{"start":{},"end":{}}],"line":27},"2":{"loc":{"start":{"line":37,"column":4},"end":{"line":39,"column":5}},"type":"if","locations":[{"start":{"line":37,"column":4},"end":{"line":39,"column":5}},{"start":{},"end":{}}],"line":37},"3":{"loc":{"start":{"line":37,"column":8},"end":{"line":37,"column":43}},"type":"binary-expr","locations":[{"start":{"line":37,"column":8},"end":{"line":37,"column":16}},{"start":{"line":37,"column":20},"end":{"line":37,"column":43}}],"line":37},"4":{"loc":{"start":{"line":43,"column":14},"end":{"line":43,"column":43}},"type":"binary-expr","locations":[{"start":{"line":43,"column":14},"end":{"line":43,"column":26}},{"start":{"line":43,"column":30},"end":{"line":43,"column":43}}],"line":43},"5":{"loc":{"start":{"line":54,"column":14},"end":{"line":54,"column":33}},"type":"cond-expr","locations":[{"start":{"line":54,"column":24},"end":{"line":54,"column":27}},{"start":{"line":54,"column":30},"end":{"line":54,"column":33}}],"line":54}},"s":{"0":0,"1":0,"2":0,"3":0,"4":0,"5":0,"6":0,"7":0,"8":0,"9":0,"10":0,"11":0,"12":0,"13":0,"14":0,"15":0,"16":0,"17":0,"18":0,"19":0,"20":0,"21":0,"22":0,"23":0,"24":0,"25":0,"26":0,"27":0,"28":0,"29":0,"30":0,"31":0,"32":0,"33":0,"34":0,"35":0,"36":0,"37":0,"38":0,"39":0,"40":0,"41":0,"42":0,"43":0,"44":0,"45":0,"46":0},"f":{"0":0,"1":0},"b":{"0":[0,0],"1":[0,0],"2":[0,0],"3":[0,0],"4":[0,0],"5":[0,0]}}
,"/Users/azrilmuh/Documents/Hacktiv8/IP-HCK82/Server/Controllers/UserController.js": {"path":"/Users/azrilmuh/Documents/Hacktiv8/IP-HCK82/Server/Controllers/UserController.js","statementMap":{"0":{"start":{"line":1,"column":28},"end":{"line":1,"column":56}},"1":{"start":{"line":2,"column":22},"end":{"line":2,"column":47}},"2":{"start":{"line":3,"column":17},"end":{"line":3,"column":37}},"3":{"start":{"line":7,"column":38},"end":{"line":7,"column":46}},"4":{"start":{"line":8,"column":4},"end":{"line":23,"column":5}},"5":{"start":{"line":9,"column":19},"end":{"line":13,"column":8}},"6":{"start":{"line":14,"column":6},"end":{"line":14,"column":66}},"7":{"start":{"line":15,"column":6},"end":{"line":19,"column":9}},"8":{"start":{"line":21,"column":6},"end":{"line":21,"column":68}},"9":{"start":{"line":22,"column":6},"end":{"line":22,"column":18}},"10":{"start":{"line":27,"column":4},"end":{"line":47,"column":5}},"11":{"start":{"line":28,"column":34},"end":{"line":28,"column":42}},"12":{"start":{"line":29,"column":6},"end":{"line":33,"column":7}},"13":{"start":{"line":30,"column":8},"end":{"line":32,"column":64}},"14":{"start":{"line":34,"column":19},"end":{"line":34,"column":59}},"15":{"start":{"line":35,"column":6},"end":{"line":37,"column":7}},"16":{"start":{"line":36,"column":8},"end":{"line":36,"column":78}},"17":{"start":{"line":38,"column":30},"end":{"line":38,"column":70}},"18":{"start":{"line":39,"column":6},"end":{"line":41,"column":7}},"19":{"start":{"line":40,"column":8},"end":{"line":40,"column":78}},"20":{"start":{"line":42,"column":27},"end":{"line":42,"column":72}},"21":{"start":{"line":43,"column":6},"end":{"line":43,"column":45}},"22":{"start":{"line":45,"column":6},"end":{"line":45,"column":65}},"23":{"start":{"line":46,"column":6},"end":{"line":46,"column":18}},"24":{"start":{"line":51,"column":0},"end":{"line":51,"column":32}}},"fnMap":{"0":{"name":"(anonymous_0)","decl":{"start":{"line":6,"column":2},"end":{"line":6,"column":3}},"loc":{"start":{"line":6,"column":40},"end":{"line":24,"column":3}},"line":6},"1":{"name":"(anonymous_1)","decl":{"start":{"line":26,"column":2},"end":{"line":26,"column":3}},"loc":{"start":{"line":26,"column":37},"end":{"line":48,"column":3}},"line":26}},"branchMap":{"0":{"loc":{"start":{"line":29,"column":6},"end":{"line":33,"column":7}},"type":"if","locations":[{"start":{"line":29,"column":6},"end":{"line":33,"column":7}},{"start":{},"end":{}}],"line":29},"1":{"loc":{"start":{"line":29,"column":10},"end":{"line":29,"column":29}},"type":"binary-expr","locations":[{"start":{"line":29,"column":10},"end":{"line":29,"column":16}},{"start":{"line":29,"column":20},"end":{"line":29,"column":29}}],"line":29},"2":{"loc":{"start":{"line":35,"column":6},"end":{"line":37,"column":7}},"type":"if","locations":[{"start":{"line":35,"column":6},"end":{"line":37,"column":7}},{"start":{},"end":{}}],"line":35},"3":{"loc":{"start":{"line":39,"column":6},"end":{"line":41,"column":7}},"type":"if","locations":[{"start":{"line":39,"column":6},"end":{"line":41,"column":7}},{"start":{},"end":{}}],"line":39}},"s":{"0":1,"1":1,"2":1,"3":3,"4":3,"5":3,"6":3,"7":3,"8":2,"9":2,"10":3,"11":3,"12":3,"13":0,"14":3,"15":3,"16":1,"17":2,"18":2,"19":1,"20":1,"21":1,"22":0,"23":0,"24":1},"f":{"0":3,"1":3},"b":{"0":[0,3],"1":[3,3],"2":[1,2],"3":[1,1]},"_coverageSchema":"1a1c01bbd47fc00a2c39e90264f33305004495a9","hash":"30ce49e397b05a3055cf0388c5dad76563e29726"}
,"/Users/azrilmuh/Documents/Hacktiv8/IP-HCK82/Server/Controllers/controller.js": {"path":"/Users/azrilmuh/Documents/Hacktiv8/IP-HCK82/Server/Controllers/controller.js","statementMap":{"0":{"start":{"line":1,"column":29},"end":{"line":1,"column":49}},"1":{"start":{"line":2,"column":14},"end":{"line":2,"column":30}},"2":{"start":{"line":3,"column":24},"end":{"line":3,"column":48}},"3":{"start":{"line":7,"column":4},"end":{"line":22,"column":5}},"4":{"start":{"line":8,"column":21},"end":{"line":8,"column":29}},"5":{"start":{"line":10,"column":19},"end":{"line":12,"column":8}},"6":{"start":{"line":14,"column":6},"end":{"line":16,"column":7}},"7":{"start":{"line":15,"column":8},"end":{"line":15,"column":64}},"8":{"start":{"line":18,"column":6},"end":{"line":18,"column":33}},"9":{"start":{"line":20,"column":6},"end":{"line":20,"column":65}},"10":{"start":{"line":21,"column":6},"end":{"line":21,"column":18}},"11":{"start":{"line":26,"column":4},"end":{"line":42,"column":5}},"12":{"start":{"line":27,"column":21},"end":{"line":27,"column":29}},"13":{"start":{"line":29,"column":19},"end":{"line":31,"column":8}},"14":{"start":{"line":33,"column":6},"end":{"line":36,"column":7}},"15":{"start":{"line":34,"column":8},"end":{"line":34,"column":66}},"16":{"start":{"line":35,"column":8},"end":{"line":35,"column":15}},"17":{"start":{"line":38,"column":6},"end":{"line":38,"column":65}},"18":{"start":{"line":40,"column":6},"end":{"line":40,"column":69}},"19":{"start":{"line":41,"column":6},"end":{"line":41,"column":18}},"20":{"start":{"line":46,"column":4},"end":{"line":57,"column":5}},"21":{"start":{"line":47,"column":21},"end":{"line":47,"column":29}},"22":{"start":{"line":48,"column":25},"end":{"line":51,"column":8}},"23":{"start":{"line":53,"column":6},"end":{"line":53,"column":39}},"24":{"start":{"line":55,"column":6},"end":{"line":55,"column":69}},"25":{"start":{"line":56,"column":6},"end":{"line":56,"column":18}},"26":{"start":{"line":61,"column":4},"end":{"line":69,"column":5}},"27":{"start":{"line":62,"column":21},"end":{"line":62,"column":29}},"28":{"start":{"line":63,"column":25},"end":{"line":63,"column":76}},"29":{"start":{"line":65,"column":6},"end":{"line":65,"column":39}},"30":{"start":{"line":67,"column":6},"end":{"line":67,"column":69}},"31":{"start":{"line":68,"column":6},"end":{"line":68,"column":18}},"32":{"start":{"line":73,"column":4},"end":{"line":88,"column":5}},"33":{"start":{"line":74,"column":21},"end":{"line":74,"column":31}},"34":{"start":{"line":75,"column":25},"end":{"line":75,"column":54}},"35":{"start":{"line":77,"column":6},"end":{"line":80,"column":7}},"36":{"start":{"line":78,"column":8},"end":{"line":78,"column":72}},"37":{"start":{"line":79,"column":8},"end":{"line":79,"column":15}},"38":{"start":{"line":82,"column":6},"end":{"line":82,"column":40}},"39":{"start":{"line":84,"column":6},"end":{"line":84,"column":39}},"40":{"start":{"line":86,"column":6},"end":{"line":86,"column":70}},"41":{"start":{"line":87,"column":6},"end":{"line":87,"column":18}},"42":{"start":{"line":92,"column":4},"end":{"line":107,"column":5}},"43":{"start":{"line":93,"column":21},"end":{"line":93,"column":31}},"44":{"start":{"line":94,"column":25},"end":{"line":96,"column":8}},"45":{"start":{"line":98,"column":6},"end":{"line":101,"column":7}},"46":{"start":{"line":99,"column":8},"end":{"line":99,"column":72}},"47":{"start":{"line":100,"column":8},"end":{"line":100,"column":15}},"48":{"start":{"line":103,"column":6},"end":{"line":103,"column":62}},"49":{"start":{"line":105,"column":6},"end":{"line":105,"column":72}},"50":{"start":{"line":106,"column":6},"end":{"line":106,"column":18}},"51":{"start":{"line":111,"column":4},"end":{"line":126,"column":5}},"52":{"start":{"line":112,"column":21},"end":{"line":112,"column":29}},"53":{"start":{"line":113,"column":19},"end":{"line":113,"column":33}},"54":{"start":{"line":115,"column":25},"end":{"line":115,"column":76}},"55":{"start":{"line":116,"column":18},"end":{"line":116,"column":66}},"56":{"start":{"line":116,"column":50},"end":{"line":116,"column":65}},"57":{"start":{"line":118,"column":21},"end":{"line":118,"column":138}},"58":{"start":{"line":120,"column":23},"end":{"line":120,"column":46}},"59":{"start":{"line":122,"column":6},"end":{"line":122,"column":42}},"60":{"start":{"line":124,"column":6},"end":{"line":124,"column":71}},"61":{"start":{"line":125,"column":6},"end":{"line":125,"column":18}},"62":{"start":{"line":130,"column":4},"end":{"line":253,"column":5}},"63":{"start":{"line":131,"column":21},"end":{"line":131,"column":29}},"64":{"start":{"line":132,"column":26},"end":{"line":132,"column":77}},"65":{"start":{"line":133,"column":18},"end":{"line":133,"column":65}},"66":{"start":{"line":133,"column":50},"end":{"line":133,"column":64}},"67":{"start":{"line":135,"column":21},"end":{"line":135,"column":186}},"68":{"start":{"line":137,"column":26},"end":{"line":137,"column":49}},"69":{"start":{"line":139,"column":22},"end":{"line":139,"column":65}},"70":{"start":{"line":139,"column":52},"end":{"line":139,"column":64}},"71":{"start":{"line":141,"column":17},"end":{"line":141,"column":72}},"72":{"start":{"line":143,"column":23},"end":{"line":148,"column":8}},"73":{"start":{"line":151,"column":6},"end":{"line":249,"column":7}},"74":{"start":{"line":153,"column":31},"end":{"line":153,"column":56}},"75":{"start":{"line":154,"column":8},"end":{"line":158,"column":11}},"76":{"start":{"line":160,"column":8},"end":{"line":248,"column":9}},"77":{"start":{"line":162,"column":23},"end":{"line":162,"column":36}},"78":{"start":{"line":165,"column":28},"end":{"line":165,"column":53}},"79":{"start":{"line":167,"column":10},"end":{"line":231,"column":11}},"80":{"start":{"line":169,"column":34},"end":{"line":169,"column":58}},"81":{"start":{"line":170,"column":12},"end":{"line":174,"column":15}},"82":{"start":{"line":178,"column":26},"end":{"line":180,"column":55}},"83":{"start":{"line":180,"column":32},"end":{"line":180,"column":54}},"84":{"start":{"line":182,"column":35},"end":{"line":211,"column":14}},"85":{"start":{"line":184,"column":33},"end":{"line":184,"column":79}},"86":{"start":{"line":185,"column":35},"end":{"line":187,"column":15}},"87":{"start":{"line":188,"column":39},"end":{"line":190,"column":15}},"88":{"start":{"line":191,"column":34},"end":{"line":193,"column":15}},"89":{"start":{"line":194,"column":32},"end":{"line":196,"column":15}},"90":{"start":{"line":198,"column":14},"end":{"line":210,"column":16}},"91":{"start":{"line":213,"column":12},"end":{"line":230,"column":15}},"92":{"start":{"line":234,"column":10},"end":{"line":247,"column":13}},"93":{"start":{"line":251,"column":6},"end":{"line":251,"column":79}},"94":{"start":{"line":252,"column":6},"end":{"line":252,"column":18}},"95":{"start":{"line":257,"column":0},"end":{"line":257,"column":28}}},"fnMap":{"0":{"name":"(anonymous_0)","decl":{"start":{"line":6,"column":2},"end":{"line":6,"column":3}},"loc":{"start":{"line":6,"column":42},"end":{"line":23,"column":3}},"line":6},"1":{"name":"(anonymous_1)","decl":{"start":{"line":25,"column":2},"end":{"line":25,"column":3}},"loc":{"start":{"line":25,"column":45},"end":{"line":43,"column":3}},"line":25},"2":{"name":"(anonymous_2)","decl":{"start":{"line":45,"column":2},"end":{"line":45,"column":3}},"loc":{"start":{"line":45,"column":45},"end":{"line":58,"column":3}},"line":45},"3":{"name":"(anonymous_3)","decl":{"start":{"line":60,"column":2},"end":{"line":60,"column":3}},"loc":{"start":{"line":60,"column":45},"end":{"line":70,"column":3}},"line":60},"4":{"name":"(anonymous_4)","decl":{"start":{"line":72,"column":2},"end":{"line":72,"column":3}},"loc":{"start":{"line":72,"column":46},"end":{"line":89,"column":3}},"line":72},"5":{"name":"(anonymous_5)","decl":{"start":{"line":91,"column":2},"end":{"line":91,"column":3}},"loc":{"start":{"line":91,"column":48},"end":{"line":108,"column":3}},"line":91},"6":{"name":"(anonymous_6)","decl":{"start":{"line":110,"column":2},"end":{"line":110,"column":3}},"loc":{"start":{"line":110,"column":47},"end":{"line":127,"column":3}},"line":110},"7":{"name":"(anonymous_7)","decl":{"start":{"line":116,"column":33},"end":{"line":116,"column":34}},"loc":{"start":{"line":116,"column":50},"end":{"line":116,"column":65}},"line":116},"8":{"name":"(anonymous_8)","decl":{"start":{"line":129,"column":2},"end":{"line":129,"column":3}},"loc":{"start":{"line":129,"column":55},"end":{"line":254,"column":3}},"line":129},"9":{"name":"(anonymous_9)","decl":{"start":{"line":133,"column":34},"end":{"line":133,"column":35}},"loc":{"start":{"line":133,"column":50},"end":{"line":133,"column":64}},"line":133},"10":{"name":"(anonymous_10)","decl":{"start":{"line":139,"column":43},"end":{"line":139,"column":44}},"loc":{"start":{"line":139,"column":52},"end":{"line":139,"column":64}},"line":139},"11":{"name":"(anonymous_11)","decl":{"start":{"line":180,"column":22},"end":{"line":180,"column":23}},"loc":{"start":{"line":180,"column":32},"end":{"line":180,"column":54}},"line":180},"12":{"name":"(anonymous_12)","decl":{"start":{"line":182,"column":45},"end":{"line":182,"column":46}},"loc":{"start":{"line":182,"column":55},"end":{"line":211,"column":13}},"line":182}},"branchMap":{"0":{"loc":{"start":{"line":14,"column":6},"end":{"line":16,"column":7}},"type":"if","locations":[{"start":{"line":14,"column":6},"end":{"line":16,"column":7}},{"start":{},"end":{}}],"line":14},"1":{"loc":{"start":{"line":33,"column":6},"end":{"line":36,"column":7}},"type":"if","locations":[{"start":{"line":33,"column":6},"end":{"line":36,"column":7}},{"start":{},"end":{}}],"line":33},"2":{"loc":{"start":{"line":77,"column":6},"end":{"line":80,"column":7}},"type":"if","locations":[{"start":{"line":77,"column":6},"end":{"line":80,"column":7}},{"start":{},"end":{}}],"line":77},"3":{"loc":{"start":{"line":98,"column":6},"end":{"line":101,"column":7}},"type":"if","locations":[{"start":{"line":98,"column":6},"end":{"line":101,"column":7}},{"start":{},"end":{}}],"line":98},"4":{"loc":{"start":{"line":167,"column":10},"end":{"line":231,"column":11}},"type":"if","locations":[{"start":{"line":167,"column":10},"end":{"line":231,"column":11}},{"start":{"line":175,"column":17},"end":{"line":231,"column":11}}],"line":167},"5":{"loc":{"start":{"line":199,"column":23},"end":{"line":199,"column":74}},"type":"cond-expr","locations":[{"start":{"line":199,"column":36},"end":{"line":199,"column":56}},{"start":{"line":199,"column":59},"end":{"line":199,"column":74}}],"line":199},"6":{"loc":{"start":{"line":200,"column":25},"end":{"line":202,"column":37}},"type":"cond-expr","locations":[{"start":{"line":201,"column":20},"end":{"line":201,"column":42}},{"start":{"line":202,"column":20},"end":{"line":202,"column":37}}],"line":200},"7":{"loc":{"start":{"line":203,"column":29},"end":{"line":205,"column":46}},"type":"cond-expr","locations":[{"start":{"line":204,"column":20},"end":{"line":204,"column":46}},{"start":{"line":205,"column":20},"end":{"line":205,"column":46}}],"line":203},"8":{"loc":{"start":{"line":206,"column":30},"end":{"line":208,"column":46}},"type":"cond-expr","locations":[{"start":{"line":207,"column":20},"end":{"line":207,"column":41}},{"start":{"line":208,"column":20},"end":{"line":208,"column":46}}],"line":206},"9":{"loc":{"start":{"line":209,"column":26},"end":{"line":209,"column":63}},"type":"cond-expr","locations":[{"start":{"line":209,"column":38},"end":{"line":209,"column":57}},{"start":{"line":209,"column":60},"end":{"line":209,"column":63}}],"line":209},"10":{"loc":{"start":{"line":217,"column":16},"end":{"line":229,"column":21}},"type":"cond-expr","locations":[{"start":{"line":218,"column":20},"end":{"line":218,"column":34}},{"start":{"line":219,"column":20},"end":{"line":229,"column":21}}],"line":217}},"s":{"0":1,"1":1,"2":1,"3":0,"4":0,"5":0,"6":0,"7":0,"8":0,"9":0,"10":0,"11":0,"12":0,"13":0,"14":0,"15":0,"16":0,"17":0,"18":0,"19":0,"20":0,"21":0,"22":0,"23":0,"24":0,"25":0,"26":0,"27":0,"28":0,"29":0,"30":0,"31":0,"32":0,"33":0,"34":0,"35":0,"36":0,"37":0,"38":0,"39":0,"40":0,"41":0,"42":0,"43":0,"44":0,"45":0,"46":0,"47":0,"48":0,"49":0,"50":0,"51":0,"52":0,"53":0,"54":0,"55":0,"56":0,"57":0,"58":0,"59":0,"60":0,"61":0,"62":0,"63":0,"64":0,"65":0,"66":0,"67":0,"68":0,"69":0,"70":0,"71":0,"72":0,"73":0,"74":0,"75":0,"76":0,"77":0,"78":0,"79":0,"80":0,"81":0,"82":0,"83":0,"84":0,"85":0,"86":0,"87":0,"88":0,"89":0,"90":0,"91":0,"92":0,"93":0,"94":0,"95":1},"f":{"0":0,"1":0,"2":0,"3":0,"4":0,"5":0,"6":0,"7":0,"8":0,"9":0,"10":0,"11":0,"12":0},"b":{"0":[0,0],"1":[0,0],"2":[0,0],"3":[0,0],"4":[0,0],"5":[0,0],"6":[0,0],"7":[0,0],"8":[0,0],"9":[0,0],"10":[0,0]},"_coverageSchema":"1a1c01bbd47fc00a2c39e90264f33305004495a9","hash":"612f4e9fed101f42abdd2aeb107cdeff0160b509"}
,"/Users/azrilmuh/Documents/Hacktiv8/IP-HCK82/Server/Controllers/errorHandlers.js": {"path":"/Users/azrilmuh/Documents/Hacktiv8/IP-HCK82/Server/Controllers/errorHandlers.js","statementMap":{"0":{"start":{"line":2,"column":2},"end":{"line":24,"column":3}},"1":{"start":{"line":5,"column":6},"end":{"line":5,"column":63}},"2":{"start":{"line":6,"column":6},"end":{"line":6,"column":13}},"3":{"start":{"line":8,"column":6},"end":{"line":8,"column":53}},"4":{"start":{"line":9,"column":6},"end":{"line":9,"column":13}},"5":{"start":{"line":11,"column":6},"end":{"line":11,"column":53}},"6":{"start":{"line":12,"column":6},"end":{"line":12,"column":13}},"7":{"start":{"line":14,"column":6},"end":{"line":14,"column":53}},"8":{"start":{"line":15,"column":6},"end":{"line":15,"column":13}},"9":{"start":{"line":17,"column":6},"end":{"line":17,"column":53}},"10":{"start":{"line":18,"column":6},"end":{"line":18,"column":13}},"11":{"start":{"line":20,"column":6},"end":{"line":20,"column":57}},"12":{"start":{"line":21,"column":6},"end":{"line":21,"column":13}},"13":{"start":{"line":23,"column":6},"end":{"line":23,"column":72}},"14":{"start":{"line":27,"column":0},"end":{"line":27,"column":31}}},"fnMap":{"0":{"name":"errorHandlers","decl":{"start":{"line":1,"column":9},"end":{"line":1,"column":22}},"loc":{"start":{"line":1,"column":44},"end":{"line":25,"column":1}},"line":1}},"branchMap":{"0":{"loc":{"start":{"line":2,"column":2},"end":{"line":24,"column":3}},"type":"switch","locations":[{"start":{"line":3,"column":4},"end":{"line":3,"column":36}},{"start":{"line":4,"column":4},"end":{"line":6,"column":13}},{"start":{"line":7,"column":4},"end":{"line":9,"column":13}},{"start":{"line":10,"column":4},"end":{"line":12,"column":13}},{"start":{"line":13,"column":4},"end":{"line":15,"column":13}},{"start":{"line":16,"column":4},"end":{"line":18,"column":13}},{"start":{"line":19,"column":4},"end":{"line":21,"column":13}},{"start":{"line":22,"column":4},"end":{"line":23,"column":72}}],"line":2}},"s":{"0":5,"1":2,"2":2,"3":0,"4":0,"5":0,"6":0,"7":0,"8":0,"9":0,"10":0,"11":0,"12":0,"13":3,"14":3},"f":{"0":5},"b":{"0":[1,2,0,0,0,0,0,3]},"_coverageSchema":"1a1c01bbd47fc00a2c39e90264f33305004495a9","hash":"b7ebbe5c51045d4d14fe6151deac57921a906d4a"}
,"/Users/azrilmuh/Documents/Hacktiv8/IP-HCK82/Server/helpers/bcrypt.js": {"path":"/Users/azrilmuh/Documents/Hacktiv8/IP-HCK82/Server/helpers/bcrypt.js","statementMap":{"0":{"start":{"line":1,"column":15},"end":{"line":1,"column":34}},"1":{"start":{"line":3,"column":21},"end":{"line":6,"column":1}},"2":{"start":{"line":4,"column":15},"end":{"line":4,"column":37}},"3":{"start":{"line":5,"column":2},"end":{"line":5,"column":41}},"4":{"start":{"line":8,"column":24},"end":{"line":10,"column":1}},"5":{"start":{"line":9,"column":2},"end":{"line":9,"column":54}},"6":{"start":{"line":11,"column":0},"end":{"line":11,"column":51}}},"fnMap":{"0":{"name":"(anonymous_0)","decl":{"start":{"line":3,"column":21},"end":{"line":3,"column":22}},"loc":{"start":{"line":3,"column":35},"end":{"line":6,"column":1}},"line":3},"1":{"name":"(anonymous_1)","decl":{"start":{"line":8,"column":24},"end":{"line":8,"column":25}},"loc":{"start":{"line":8,"column":54},"end":{"line":10,"column":1}},"line":8}},"branchMap":{},"s":{"0":5,"1":5,"2":1,"3":1,"4":5,"5":2,"6":5},"f":{"0":1,"1":2},"b":{},"_coverageSchema":"1a1c01bbd47fc00a2c39e90264f33305004495a9","hash":"bb60bf7fe91433e91b0ee3b9d6e022b09cdbd220"}
,"/Users/azrilmuh/Documents/Hacktiv8/IP-HCK82/Server/helpers/jwt.js": {"path":"/Users/azrilmuh/Documents/Hacktiv8/IP-HCK82/Server/helpers/jwt.js","statementMap":{"0":{"start":{"line":1,"column":0},"end":{"line":1,"column":27}},"1":{"start":{"line":2,"column":12},"end":{"line":2,"column":35}},"2":{"start":{"line":3,"column":19},"end":{"line":3,"column":41}},"3":{"start":{"line":4,"column":18},"end":{"line":6,"column":1}},"4":{"start":{"line":5,"column":2},"end":{"line":5,"column":36}},"5":{"start":{"line":7,"column":20},"end":{"line":9,"column":1}},"6":{"start":{"line":8,"column":2},"end":{"line":8,"column":39}},"7":{"start":{"line":10,"column":0},"end":{"line":10,"column":44}}},"fnMap":{"0":{"name":"(anonymous_0)","decl":{"start":{"line":4,"column":18},"end":{"line":4,"column":19}},"loc":{"start":{"line":4,"column":28},"end":{"line":6,"column":1}},"line":4},"1":{"name":"(anonymous_1)","decl":{"start":{"line":7,"column":20},"end":{"line":7,"column":21}},"loc":{"start":{"line":7,"column":31},"end":{"line":9,"column":1}},"line":7}},"branchMap":{},"s":{"0":4,"1":4,"2":4,"3":4,"4":0,"5":4,"6":5,"7":4},"f":{"0":0,"1":5},"b":{},"_coverageSchema":"1a1c01bbd47fc00a2c39e90264f33305004495a9","hash":"3dd1c2a38945497982ff265c3ca0e8cf4cff684a"}
,"/Users/azrilmuh/Documents/Hacktiv8/IP-HCK82/Server/middlewares/authentication.js": {"path":"/Users/azrilmuh/Documents/Hacktiv8/IP-HCK82/Server/middlewares/authentication.js","statementMap":{"0":{"start":{"line":1,"column":17},"end":{"line":1,"column":37}},"1":{"start":{"line":2,"column":24},"end":{"line":2,"column":49}},"2":{"start":{"line":4,"column":23},"end":{"line":30,"column":1}},"3":{"start":{"line":5,"column":22},"end":{"line":5,"column":50}},"4":{"start":{"line":6,"column":2},"end":{"line":9,"column":3}},"5":{"start":{"line":7,"column":4},"end":{"line":7,"column":61}},"6":{"start":{"line":8,"column":4},"end":{"line":8,"column":11}},"7":{"start":{"line":11,"column":20},"end":{"line":11,"column":42}},"8":{"start":{"line":12,"column":2},"end":{"line":15,"column":3}},"9":{"start":{"line":13,"column":4},"end":{"line":13,"column":61}},"10":{"start":{"line":14,"column":4},"end":{"line":14,"column":11}},"11":{"start":{"line":17,"column":2},"end":{"line":29,"column":3}},"12":{"start":{"line":18,"column":17},"end":{"line":18,"column":35}},"13":{"start":{"line":19,"column":17},"end":{"line":19,"column":45}},"14":{"start":{"line":21,"column":4},"end":{"line":24,"column":5}},"15":{"start":{"line":22,"column":6},"end":{"line":22,"column":63}},"16":{"start":{"line":23,"column":6},"end":{"line":23,"column":13}},"17":{"start":{"line":25,"column":4},"end":{"line":25,"column":20}},"18":{"start":{"line":26,"column":4},"end":{"line":26,"column":11}},"19":{"start":{"line":28,"column":4},"end":{"line":28,"column":14}},"20":{"start":{"line":32,"column":0},"end":{"line":32,"column":32}}},"fnMap":{"0":{"name":"(anonymous_0)","decl":{"start":{"line":4,"column":23},"end":{"line":4,"column":24}},"loc":{"start":{"line":4,"column":49},"end":{"line":30,"column":1}},"line":4}},"branchMap":{"0":{"loc":{"start":{"line":6,"column":2},"end":{"line":9,"column":3}},"type":"if","locations":[{"start":{"line":6,"column":2},"end":{"line":9,"column":3}},{"start":{},"end":{}}],"line":6},"1":{"loc":{"start":{"line":12,"column":2},"end":{"line":15,"column":3}},"type":"if","locations":[{"start":{"line":12,"column":2},"end":{"line":15,"column":3}},{"start":{},"end":{}}],"line":12},"2":{"loc":{"start":{"line":21,"column":4},"end":{"line":24,"column":5}},"type":"if","locations":[{"start":{"line":21,"column":4},"end":{"line":24,"column":5}},{"start":{},"end":{}}],"line":21}},"s":{"0":2,"1":2,"2":2,"3":4,"4":4,"5":4,"6":4,"7":0,"8":0,"9":0,"10":0,"11":0,"12":0,"13":0,"14":0,"15":0,"16":0,"17":0,"18":0,"19":0,"20":2},"f":{"0":4},"b":{"0":[4,0],"1":[0,0],"2":[0,0]},"_coverageSchema":"1a1c01bbd47fc00a2c39e90264f33305004495a9","hash":"c19f7ed3c62aa1dfcbb9ee049e9e956b4e9d5ae2"}
,"/Users/azrilmuh/Documents/Hacktiv8/IP-HCK82/Server/models/index.js": {"path":"/Users/azrilmuh/Documents/Hacktiv8/IP-HCK82/Server/models/index.js","statementMap":{"0":{"start":{"line":3,"column":11},"end":{"line":3,"column":24}},"1":{"start":{"line":4,"column":13},"end":{"line":4,"column":28}},"2":{"start":{"line":5,"column":18},"end":{"line":5,"column":38}},"3":{"start":{"line":6,"column":16},"end":{"line":6,"column":34}},"4":{"start":{"line":7,"column":17},"end":{"line":7,"column":42}},"5":{"start":{"line":8,"column":12},"end":{"line":8,"column":49}},"6":{"start":{"line":9,"column":15},"end":{"line":9,"column":65}},"7":{"start":{"line":10,"column":11},"end":{"line":10,"column":13}},"8":{"start":{"line":13,"column":0},"end":{"line":22,"column":1}},"9":{"start":{"line":14,"column":2},"end":{"line":14,"column":74}},"10":{"start":{"line":16,"column":2},"end":{"line":21,"column":4}},"11":{"start":{"line":24,"column":0},"end":{"line":39,"column":5}},"12":{"start":{"line":26,"column":4},"end":{"line":31,"column":6}},"13":{"start":{"line":34,"column":18},"end":{"line":37,"column":5}},"14":{"start":{"line":38,"column":4},"end":{"line":38,"column":27}},"15":{"start":{"line":41,"column":0},"end":{"line":45,"column":3}},"16":{"start":{"line":42,"column":2},"end":{"line":44,"column":3}},"17":{"start":{"line":43,"column":4},"end":{"line":43,"column":32}},"18":{"start":{"line":47,"column":0},"end":{"line":47,"column":25}},"19":{"start":{"line":48,"column":0},"end":{"line":48,"column":25}},"20":{"start":{"line":50,"column":0},"end":{"line":50,"column":20}}},"fnMap":{"0":{"name":"(anonymous_0)","decl":{"start":{"line":25,"column":10},"end":{"line":25,"column":11}},"loc":{"start":{"line":25,"column":20},"end":{"line":32,"column":3}},"line":25},"1":{"name":"(anonymous_1)","decl":{"start":{"line":33,"column":11},"end":{"line":33,"column":12}},"loc":{"start":{"line":33,"column":21},"end":{"line":39,"column":3}},"line":33},"2":{"name":"(anonymous_2)","decl":{"start":{"line":41,"column":24},"end":{"line":41,"column":25}},"loc":{"start":{"line":41,"column":39},"end":{"line":45,"column":1}},"line":41}},"branchMap":{"0":{"loc":{"start":{"line":8,"column":12},"end":{"line":8,"column":49}},"type":"binary-expr","locations":[{"start":{"line":8,"column":12},"end":{"line":8,"column":32}},{"start":{"line":8,"column":36},"end":{"line":8,"column":49}}],"line":8},"1":{"loc":{"start":{"line":13,"column":0},"end":{"line":22,"column":1}},"type":"if","locations":[{"start":{"line":13,"column":0},"end":{"line":22,"column":1}},{"start":{"line":15,"column":7},"end":{"line":22,"column":1}}],"line":13},"2":{"loc":{"start":{"line":27,"column":6},"end":{"line":30,"column":37}},"type":"binary-expr","locations":[{"start":{"line":27,"column":6},"end":{"line":27,"column":29}},{"start":{"line":28,"column":6},"end":{"line":28,"column":23}},{"start":{"line":29,"column":6},"end":{"line":29,"column":30}},{"start":{"line":30,"column":6},"end":{"line":30,"column":37}}],"line":27},"3":{"loc":{"start":{"line":42,"column":2},"end":{"line":44,"column":3}},"type":"if","locations":[{"start":{"line":42,"column":2},"end":{"line":44,"column":3}},{"start":{},"end":{}}],"line":42}},"s":{"0":7,"1":7,"2":7,"3":7,"4":7,"5":7,"6":7,"7":7,"8":7,"9":1,"10":6,"11":7,"12":12,"13":8,"14":8,"15":4,"16":8,"17":8,"18":4,"19":4,"20":4},"f":{"0":12,"1":8,"2":8},"b":{"0":[7,0],"1":[1,6],"2":[12,12,8,8],"3":[8,0]},"_coverageSchema":"1a1c01bbd47fc00a2c39e90264f33305004495a9","hash":"4baf7c8cb18b9f61706cd5403b1cb5342344a979"}
,"/Users/azrilmuh/Documents/Hacktiv8/IP-HCK82/Server/models/preference.js": {"path":"/Users/azrilmuh/Documents/Hacktiv8/IP-HCK82/Server/models/preference.js","statementMap":{"0":{"start":{"line":2,"column":18},"end":{"line":2,"column":38}},"1":{"start":{"line":3,"column":0},"end":{"line":66,"column":2}},"2":{"start":{"line":11,"column":6},"end":{"line":14,"column":9}},"3":{"start":{"line":17,"column":2},"end":{"line":64,"column":4}},"4":{"start":{"line":65,"column":2},"end":{"line":65,"column":20}}},"fnMap":{"0":{"name":"(anonymous_0)","decl":{"start":{"line":3,"column":17},"end":{"line":3,"column":18}},"loc":{"start":{"line":3,"column":43},"end":{"line":66,"column":1}},"line":3},"1":{"name":"(anonymous_1)","decl":{"start":{"line":10,"column":4},"end":{"line":10,"column":5}},"loc":{"start":{"line":10,"column":29},"end":{"line":15,"column":5}},"line":10}},"branchMap":{},"s":{"0":4,"1":4,"2":4,"3":4,"4":4},"f":{"0":4,"1":4},"b":{},"_coverageSchema":"1a1c01bbd47fc00a2c39e90264f33305004495a9","hash":"c0a8b26d3089d3e80673b76b6f37307220e5c79a"}
,"/Users/azrilmuh/Documents/Hacktiv8/IP-HCK82/Server/models/user.js": {"path":"/Users/azrilmuh/Documents/Hacktiv8/IP-HCK82/Server/models/user.js","statementMap":{"0":{"start":{"line":2,"column":18},"end":{"line":2,"column":38}},"1":{"start":{"line":3,"column":25},"end":{"line":3,"column":53}},"2":{"start":{"line":5,"column":0},"end":{"line":63,"column":2}},"3":{"start":{"line":13,"column":6},"end":{"line":16,"column":9}},"4":{"start":{"line":19,"column":2},"end":{"line":58,"column":4}},"5":{"start":{"line":59,"column":2},"end":{"line":61,"column":5}},"6":{"start":{"line":60,"column":4},"end":{"line":60,"column":48}},"7":{"start":{"line":62,"column":2},"end":{"line":62,"column":14}}},"fnMap":{"0":{"name":"(anonymous_0)","decl":{"start":{"line":5,"column":17},"end":{"line":5,"column":18}},"loc":{"start":{"line":5,"column":43},"end":{"line":63,"column":1}},"line":5},"1":{"name":"(anonymous_1)","decl":{"start":{"line":12,"column":4},"end":{"line":12,"column":5}},"loc":{"start":{"line":12,"column":29},"end":{"line":17,"column":5}},"line":12},"2":{"name":"(anonymous_2)","decl":{"start":{"line":59,"column":20},"end":{"line":59,"column":21}},"loc":{"start":{"line":59,"column":30},"end":{"line":61,"column":3}},"line":59}},"branchMap":{},"s":{"0":4,"1":4,"2":4,"3":4,"4":4,"5":4,"6":0,"7":4},"f":{"0":4,"1":4,"2":0},"b":{},"_coverageSchema":"1a1c01bbd47fc00a2c39e90264f33305004495a9","hash":"97c3e5604ea6370954d97926bdda4c6db31a1533"}
,"/Users/azrilmuh/Documents/Hacktiv8/IP-HCK82/Server/tests/app.test.js": {"path":"/Users/azrilmuh/Documents/Hacktiv8/IP-HCK82/Server/tests/app.test.js","statementMap":{"0":{"start":{"line":1,"column":16},"end":{"line":1,"column":36}},"1":{"start":{"line":2,"column":12},"end":{"line":2,"column":29}},"2":{"start":{"line":3,"column":22},"end":{"line":3,"column":42}},"3":{"start":{"line":5,"column":0},"end":{"line":7,"column":3}},"4":{"start":{"line":6,"column":2},"end":{"line":6,"column":26}},"5":{"start":{"line":9,"column":0},"end":{"line":42,"column":3}},"6":{"start":{"line":10,"column":2},"end":{"line":13,"column":5}},"7":{"start":{"line":11,"column":21},"end":{"line":11,"column":61}},"8":{"start":{"line":12,"column":4},"end":{"line":12,"column":38}},"9":{"start":{"line":15,"column":2},"end":{"line":18,"column":5}},"10":{"start":{"line":16,"column":21},"end":{"line":16,"column":48}},"11":{"start":{"line":17,"column":4},"end":{"line":17,"column":38}},"12":{"start":{"line":20,"column":2},"end":{"line":23,"column":5}},"13":{"start":{"line":21,"column":21},"end":{"line":21,"column":52}},"14":{"start":{"line":22,"column":4},"end":{"line":22,"column":38}},"15":{"start":{"line":25,"column":2},"end":{"line":28,"column":5}},"16":{"start":{"line":26,"column":21},"end":{"line":26,"column":48}},"17":{"start":{"line":27,"column":4},"end":{"line":27,"column":61}},"18":{"start":{"line":30,"column":2},"end":{"line":41,"column":5}},"19":{"start":{"line":31,"column":21},"end":{"line":37,"column":8}},"20":{"start":{"line":40,"column":4},"end":{"line":40,"column":42}}},"fnMap":{"0":{"name":"(anonymous_0)","decl":{"start":{"line":5,"column":9},"end":{"line":5,"column":10}},"loc":{"start":{"line":5,"column":21},"end":{"line":7,"column":1}},"line":5},"1":{"name":"(anonymous_1)","decl":{"start":{"line":9,"column":23},"end":{"line":9,"column":24}},"loc":{"start":{"line":9,"column":29},"end":{"line":42,"column":1}},"line":9},"2":{"name":"(anonymous_2)","decl":{"start":{"line":10,"column":52},"end":{"line":10,"column":53}},"loc":{"start":{"line":10,"column":64},"end":{"line":13,"column":3}},"line":10},"3":{"name":"(anonymous_3)","decl":{"start":{"line":15,"column":44},"end":{"line":15,"column":45}},"loc":{"start":{"line":15,"column":56},"end":{"line":18,"column":3}},"line":15},"4":{"name":"(anonymous_4)","decl":{"start":{"line":20,"column":50},"end":{"line":20,"column":51}},"loc":{"start":{"line":20,"column":62},"end":{"line":23,"column":3}},"line":20},"5":{"name":"(anonymous_5)","decl":{"start":{"line":25,"column":46},"end":{"line":25,"column":47}},"loc":{"start":{"line":25,"column":58},"end":{"line":28,"column":3}},"line":25},"6":{"name":"(anonymous_6)","decl":{"start":{"line":30,"column":33},"end":{"line":30,"column":34}},"loc":{"start":{"line":30,"column":45},"end":{"line":41,"column":3}},"line":30}},"branchMap":{},"s":{"0":0,"1":0,"2":0,"3":0,"4":0,"5":0,"6":0,"7":0,"8":0,"9":0,"10":0,"11":0,"12":0,"13":0,"14":0,"15":0,"16":0,"17":0,"18":0,"19":0,"20":0},"f":{"0":0,"1":0,"2":0,"3":0,"4":0,"5":0,"6":0},"b":{}}
,"/Users/azrilmuh/Documents/Hacktiv8/IP-HCK82/Server/tests/authentication.test.js": {"path":"/Users/azrilmuh/Documents/Hacktiv8/IP-HCK82/Server/tests/authentication.test.js","statementMap":{"0":{"start":{"line":1,"column":27},"end":{"line":1,"column":67}},"1":{"start":{"line":2,"column":22},"end":{"line":2,"column":47}},"2":{"start":{"line":3,"column":17},"end":{"line":3,"column":37}},"3":{"start":{"line":4,"column":22},"end":{"line":4,"column":42}},"4":{"start":{"line":6,"column":0},"end":{"line":14,"column":3}},"5":{"start":{"line":7,"column":25},"end":{"line":7,"column":56}},"6":{"start":{"line":8,"column":2},"end":{"line":13,"column":4}},"7":{"start":{"line":16,"column":0},"end":{"line":99,"column":3}},"8":{"start":{"line":21,"column":2},"end":{"line":30,"column":5}},"9":{"start":{"line":22,"column":4},"end":{"line":24,"column":6}},"10":{"start":{"line":25,"column":4},"end":{"line":28,"column":6}},"11":{"start":{"line":29,"column":4},"end":{"line":29,"column":29}},"12":{"start":{"line":32,"column":2},"end":{"line":34,"column":5}},"13":{"start":{"line":33,"column":4},"end":{"line":33,"column":28}},"14":{"start":{"line":36,"column":2},"end":{"line":44,"column":5}},"15":{"start":{"line":37,"column":4},"end":{"line":37,"column":66}},"16":{"start":{"line":39,"column":4},"end":{"line":39,"column":58}},"17":{"start":{"line":40,"column":4},"end":{"line":42,"column":7}},"18":{"start":{"line":43,"column":4},"end":{"line":43,"column":48}},"19":{"start":{"line":46,"column":2},"end":{"line":56,"column":5}},"20":{"start":{"line":47,"column":4},"end":{"line":47,"column":61}},"21":{"start":{"line":49,"column":4},"end":{"line":49,"column":66}},"22":{"start":{"line":51,"column":4},"end":{"line":51,"column":58}},"23":{"start":{"line":52,"column":4},"end":{"line":54,"column":7}},"24":{"start":{"line":55,"column":4},"end":{"line":55,"column":48}},"25":{"start":{"line":58,"column":2},"end":{"line":68,"column":5}},"26":{"start":{"line":59,"column":4},"end":{"line":59,"column":65}},"27":{"start":{"line":61,"column":4},"end":{"line":61,"column":66}},"28":{"start":{"line":63,"column":4},"end":{"line":63,"column":58}},"29":{"start":{"line":64,"column":4},"end":{"line":66,"column":7}},"30":{"start":{"line":67,"column":4},"end":{"line":67,"column":48}},"31":{"start":{"line":70,"column":2},"end":{"line":83,"column":5}},"32":{"start":{"line":71,"column":18},"end":{"line":71,"column":40}},"33":{"start":{"line":72,"column":4},"end":{"line":72,"column":58}},"34":{"start":{"line":74,"column":4},"end":{"line":74,"column":42}},"35":{"start":{"line":76,"column":4},"end":{"line":76,"column":66}},"36":{"start":{"line":78,"column":4},"end":{"line":78,"column":58}},"37":{"start":{"line":79,"column":4},"end":{"line":81,"column":7}},"38":{"start":{"line":82,"column":4},"end":{"line":82,"column":48}},"39":{"start":{"line":85,"column":2},"end":{"line":98,"column":5}},"40":{"start":{"line":86,"column":19},"end":{"line":86,"column":20}},"41":{"start":{"line":87,"column":18},"end":{"line":87,"column":43}},"42":{"start":{"line":88,"column":21},"end":{"line":88,"column":57}},"43":{"start":{"line":90,"column":4},"end":{"line":90,"column":58}},"44":{"start":{"line":91,"column":4},"end":{"line":91,"column":46}},"45":{"start":{"line":93,"column":4},"end":{"line":93,"column":66}},"46":{"start":{"line":95,"column":4},"end":{"line":95,"column":47}},"47":{"start":{"line":96,"column":4},"end":{"line":96,"column":44}},"48":{"start":{"line":97,"column":4},"end":{"line":97,"column":55}}},"fnMap":{"0":{"name":"(anonymous_0)","decl":{"start":{"line":6,"column":23},"end":{"line":6,"column":24}},"loc":{"start":{"line":6,"column":29},"end":{"line":14,"column":1}},"line":6},"1":{"name":"(anonymous_1)","decl":{"start":{"line":16,"column":38},"end":{"line":16,"column":39}},"loc":{"start":{"line":16,"column":44},"end":{"line":99,"column":1}},"line":16},"2":{"name":"(anonymous_2)","decl":{"start":{"line":21,"column":13},"end":{"line":21,"column":14}},"loc":{"start":{"line":21,"column":19},"end":{"line":30,"column":3}},"line":21},"3":{"name":"(anonymous_3)","decl":{"start":{"line":32,"column":11},"end":{"line":32,"column":12}},"loc":{"start":{"line":32,"column":23},"end":{"line":34,"column":3}},"line":32},"4":{"name":"(anonymous_4)","decl":{"start":{"line":36,"column":49},"end":{"line":36,"column":50}},"loc":{"start":{"line":36,"column":61},"end":{"line":44,"column":3}},"line":36},"5":{"name":"(anonymous_5)","decl":{"start":{"line":46,"column":55},"end":{"line":46,"column":56}},"loc":{"start":{"line":46,"column":67},"end":{"line":56,"column":3}},"line":46},"6":{"name":"(anonymous_6)","decl":{"start":{"line":58,"column":48},"end":{"line":58,"column":49}},"loc":{"start":{"line":58,"column":60},"end":{"line":68,"column":3}},"line":58},"7":{"name":"(anonymous_7)","decl":{"start":{"line":70,"column":46},"end":{"line":70,"column":47}},"loc":{"start":{"line":70,"column":58},"end":{"line":83,"column":3}},"line":70},"8":{"name":"(anonymous_8)","decl":{"start":{"line":85,"column":75},"end":{"line":85,"column":76}},"loc":{"start":{"line":85,"column":87},"end":{"line":98,"column":3}},"line":85}},"branchMap":{},"s":{"0":0,"1":0,"2":0,"3":0,"4":0,"5":0,"6":0,"7":0,"8":0,"9":0,"10":0,"11":0,"12":0,"13":0,"14":0,"15":0,"16":0,"17":0,"18":0,"19":0,"20":0,"21":0,"22":0,"23":0,"24":0,"25":0,"26":0,"27":0,"28":0,"29":0,"30":0,"31":0,"32":0,"33":0,"34":0,"35":0,"36":0,"37":0,"38":0,"39":0,"40":0,"41":0,"42":0,"43":0,"44":0,"45":0,"46":0,"47":0,"48":0},"f":{"0":0,"1":0,"2":0,"3":0,"4":0,"5":0,"6":0,"7":0,"8":0},"b":{}}
,"/Users/azrilmuh/Documents/Hacktiv8/IP-HCK82/Server/tests/controller.test.js": {"path":"/Users/azrilmuh/Documents/Hacktiv8/IP-HCK82/Server/tests/controller.test.js","statementMap":{"0":{"start":{"line":1,"column":16},"end":{"line":1,"column":36}},"1":{"start":{"line":2,"column":12},"end":{"line":2,"column":29}},"2":{"start":{"line":3,"column":29},"end":{"line":3,"column":49}},"3":{"start":{"line":4,"column":22},"end":{"line":4,"column":47}},"4":{"start":{"line":5,"column":22},"end":{"line":5,"column":42}},"5":{"start":{"line":10,"column":0},"end":{"line":22,"column":3}},"6":{"start":{"line":11,"column":2},"end":{"line":11,"column":40}},"7":{"start":{"line":14,"column":15},"end":{"line":18,"column":4}},"8":{"start":{"line":20,"column":2},"end":{"line":20,"column":19}},"9":{"start":{"line":21,"column":2},"end":{"line":21,"column":36}},"10":{"start":{"line":24,"column":0},"end":{"line":26,"column":3}},"11":{"start":{"line":25,"column":2},"end":{"line":25,"column":26}},"12":{"start":{"line":28,"column":0},"end":{"line":110,"column":3}},"13":{"start":{"line":30,"column":2},"end":{"line":37,"column":5}},"14":{"start":{"line":31,"column":21},"end":{"line":33,"column":46}},"15":{"start":{"line":35,"column":4},"end":{"line":35,"column":38}},"16":{"start":{"line":36,"column":4},"end":{"line":36,"column":52}},"17":{"start":{"line":40,"column":2},"end":{"line":47,"column":5}},"18":{"start":{"line":41,"column":21},"end":{"line":43,"column":46}},"19":{"start":{"line":45,"column":4},"end":{"line":45,"column":38}},"20":{"start":{"line":46,"column":4},"end":{"line":46,"column":55}},"21":{"start":{"line":50,"column":2},"end":{"line":57,"column":5}},"22":{"start":{"line":51,"column":21},"end":{"line":53,"column":70}},"23":{"start":{"line":55,"column":4},"end":{"line":55,"column":38}},"24":{"start":{"line":56,"column":4},"end":{"line":56,"column":57}},"25":{"start":{"line":60,"column":2},"end":{"line":71,"column":5}},"26":{"start":{"line":61,"column":21},"end":{"line":68,"column":8}},"27":{"start":{"line":70,"column":4},"end":{"line":70,"column":38}},"28":{"start":{"line":73,"column":2},"end":{"line":79,"column":5}},"29":{"start":{"line":74,"column":21},"end":{"line":76,"column":46}},"30":{"start":{"line":78,"column":4},"end":{"line":78,"column":38}},"31":{"start":{"line":81,"column":2},"end":{"line":92,"column":5}},"32":{"start":{"line":82,"column":21},"end":{"line":89,"column":8}},"33":{"start":{"line":91,"column":4},"end":{"line":91,"column":38}},"34":{"start":{"line":95,"column":2},"end":{"line":101,"column":5}},"35":{"start":{"line":96,"column":21},"end":{"line":98,"column":72}},"36":{"start":{"line":100,"column":4},"end":{"line":100,"column":38}},"37":{"start":{"line":103,"column":2},"end":{"line":109,"column":5}},"38":{"start":{"line":104,"column":21},"end":{"line":106,"column":46}},"39":{"start":{"line":108,"column":4},"end":{"line":108,"column":38}}},"fnMap":{"0":{"name":"(anonymous_0)","decl":{"start":{"line":10,"column":10},"end":{"line":10,"column":11}},"loc":{"start":{"line":10,"column":22},"end":{"line":22,"column":1}},"line":10},"1":{"name":"(anonymous_1)","decl":{"start":{"line":24,"column":9},"end":{"line":24,"column":10}},"loc":{"start":{"line":24,"column":21},"end":{"line":26,"column":1}},"line":24},"2":{"name":"(anonymous_2)","decl":{"start":{"line":28,"column":33},"end":{"line":28,"column":34}},"loc":{"start":{"line":28,"column":39},"end":{"line":110,"column":1}},"line":28},"3":{"name":"(anonymous_3)","decl":{"start":{"line":30,"column":33},"end":{"line":30,"column":34}},"loc":{"start":{"line":30,"column":45},"end":{"line":37,"column":3}},"line":30},"4":{"name":"(anonymous_4)","decl":{"start":{"line":40,"column":34},"end":{"line":40,"column":35}},"loc":{"start":{"line":40,"column":46},"end":{"line":47,"column":3}},"line":40},"5":{"name":"(anonymous_5)","decl":{"start":{"line":50,"column":30},"end":{"line":50,"column":31}},"loc":{"start":{"line":50,"column":42},"end":{"line":57,"column":3}},"line":50},"6":{"name":"(anonymous_6)","decl":{"start":{"line":60,"column":41},"end":{"line":60,"column":42}},"loc":{"start":{"line":60,"column":53},"end":{"line":71,"column":3}},"line":60},"7":{"name":"(anonymous_7)","decl":{"start":{"line":73,"column":40},"end":{"line":73,"column":41}},"loc":{"start":{"line":73,"column":52},"end":{"line":79,"column":3}},"line":73},"8":{"name":"(anonymous_8)","decl":{"start":{"line":81,"column":41},"end":{"line":81,"column":42}},"loc":{"start":{"line":81,"column":53},"end":{"line":92,"column":3}},"line":81},"9":{"name":"(anonymous_9)","decl":{"start":{"line":95,"column":38},"end":{"line":95,"column":39}},"loc":{"start":{"line":95,"column":50},"end":{"line":101,"column":3}},"line":95},"10":{"name":"(anonymous_10)","decl":{"start":{"line":103,"column":48},"end":{"line":103,"column":49}},"loc":{"start":{"line":103,"column":60},"end":{"line":109,"column":3}},"line":103}},"branchMap":{},"s":{"0":0,"1":0,"2":0,"3":0,"4":0,"5":0,"6":0,"7":0,"8":0,"9":0,"10":0,"11":0,"12":0,"13":0,"14":0,"15":0,"16":0,"17":0,"18":0,"19":0,"20":0,"21":0,"22":0,"23":0,"24":0,"25":0,"26":0,"27":0,"28":0,"29":0,"30":0,"31":0,"32":0,"33":0,"34":0,"35":0,"36":0,"37":0,"38":0,"39":0},"f":{"0":0,"1":0,"2":0,"3":0,"4":0,"5":0,"6":0,"7":0,"8":0,"9":0,"10":0},"b":{}}
,"/Users/azrilmuh/Documents/Hacktiv8/IP-HCK82/Server/tests/errorHandlers.test.js": {"path":"/Users/azrilmuh/Documents/Hacktiv8/IP-HCK82/Server/tests/errorHandlers.test.js","statementMap":{"0":{"start":{"line":1,"column":25},"end":{"line":1,"column":64}},"1":{"start":{"line":3,"column":0},"end":{"line":81,"column":3}},"2":{"start":{"line":8,"column":2},"end":{"line":15,"column":5}},"3":{"start":{"line":9,"column":4},"end":{"line":9,"column":21}},"4":{"start":{"line":10,"column":4},"end":{"line":13,"column":6}},"5":{"start":{"line":14,"column":4},"end":{"line":14,"column":29}},"6":{"start":{"line":17,"column":2},"end":{"line":29,"column":5}},"7":{"start":{"line":18,"column":18},"end":{"line":21,"column":5}},"8":{"start":{"line":23,"column":4},"end":{"line":23,"column":65}},"9":{"start":{"line":25,"column":4},"end":{"line":25,"column":58}},"10":{"start":{"line":26,"column":4},"end":{"line":28,"column":7}},"11":{"start":{"line":31,"column":2},"end":{"line":43,"column":5}},"12":{"start":{"line":32,"column":18},"end":{"line":35,"column":5}},"13":{"start":{"line":37,"column":4},"end":{"line":37,"column":65}},"14":{"start":{"line":39,"column":4},"end":{"line":39,"column":58}},"15":{"start":{"line":40,"column":4},"end":{"line":42,"column":7}},"16":{"start":{"line":45,"column":2},"end":{"line":57,"column":5}},"17":{"start":{"line":46,"column":18},"end":{"line":49,"column":5}},"18":{"start":{"line":51,"column":4},"end":{"line":51,"column":65}},"19":{"start":{"line":53,"column":4},"end":{"line":53,"column":58}},"20":{"start":{"line":54,"column":4},"end":{"line":56,"column":7}},"21":{"start":{"line":59,"column":2},"end":{"line":69,"column":5}},"22":{"start":{"line":60,"column":18},"end":{"line":63,"column":5}},"23":{"start":{"line":65,"column":4},"end":{"line":65,"column":65}},"24":{"start":{"line":67,"column":4},"end":{"line":67,"column":58}},"25":{"start":{"line":68,"column":4},"end":{"line":68,"column":77}},"26":{"start":{"line":71,"column":2},"end":{"line":80,"column":5}},"27":{"start":{"line":72,"column":18},"end":{"line":72,"column":44}},"28":{"start":{"line":74,"column":4},"end":{"line":74,"column":65}},"29":{"start":{"line":76,"column":4},"end":{"line":76,"column":58}},"30":{"start":{"line":77,"column":4},"end":{"line":79,"column":7}}},"fnMap":{"0":{"name":"(anonymous_0)","decl":{"start":{"line":3,"column":27},"end":{"line":3,"column":28}},"loc":{"start":{"line":3,"column":33},"end":{"line":81,"column":1}},"line":3},"1":{"name":"(anonymous_1)","decl":{"start":{"line":8,"column":13},"end":{"line":8,"column":14}},"loc":{"start":{"line":8,"column":19},"end":{"line":15,"column":3}},"line":8},"2":{"name":"(anonymous_2)","decl":{"start":{"line":17,"column":40},"end":{"line":17,"column":41}},"loc":{"start":{"line":17,"column":46},"end":{"line":29,"column":3}},"line":17},"3":{"name":"(anonymous_3)","decl":{"start":{"line":31,"column":49},"end":{"line":31,"column":50}},"loc":{"start":{"line":31,"column":55},"end":{"line":43,"column":3}},"line":31},"4":{"name":"(anonymous_4)","decl":{"start":{"line":45,"column":55},"end":{"line":45,"column":56}},"loc":{"start":{"line":45,"column":61},"end":{"line":57,"column":3}},"line":45},"5":{"name":"(anonymous_5)","decl":{"start":{"line":59,"column":54},"end":{"line":59,"column":55}},"loc":{"start":{"line":59,"column":60},"end":{"line":69,"column":3}},"line":59},"6":{"name":"(anonymous_6)","decl":{"start":{"line":71,"column":39},"end":{"line":71,"column":40}},"loc":{"start":{"line":71,"column":45},"end":{"line":80,"column":3}},"line":71}},"branchMap":{},"s":{"0":0,"1":0,"2":0,"3":0,"4":0,"5":0,"6":0,"7":0,"8":0,"9":0,"10":0,"11":0,"12":0,"13":0,"14":0,"15":0,"16":0,"17":0,"18":0,"19":0,"20":0,"21":0,"22":0,"23":0,"24":0,"25":0,"26":0,"27":0,"28":0,"29":0,"30":0},"f":{"0":0,"1":0,"2":0,"3":0,"4":0,"5":0,"6":0},"b":{}}
,"/Users/azrilmuh/Documents/Hacktiv8/IP-HCK82/Server/tests/setup.js": {"path":"/Users/azrilmuh/Documents/Hacktiv8/IP-HCK82/Server/tests/setup.js","statementMap":{"0":{"start":{"line":8,"column":0},"end":{"line":8,"column":23}},"1":{"start":{"line":17,"column":0},"end":{"line":19,"column":3}},"2":{"start":{"line":18,"column":2},"end":{"line":18,"column":23}},"3":{"start":{"line":22,"column":0},"end":{"line":24,"column":3}}},"fnMap":{"0":{"name":"(anonymous_0)","decl":{"start":{"line":17,"column":10},"end":{"line":17,"column":11}},"loc":{"start":{"line":17,"column":16},"end":{"line":19,"column":1}},"line":17},"1":{"name":"(anonymous_1)","decl":{"start":{"line":22,"column":9},"end":{"line":22,"column":10}},"loc":{"start":{"line":22,"column":15},"end":{"line":24,"column":1}},"line":22}},"branchMap":{},"s":{"0":0,"1":0,"2":0,"3":0},"f":{"0":0,"1":0},"b":{}}
,"/Users/azrilmuh/Documents/Hacktiv8/IP-HCK82/Server/tests/setup.test.js": {"path":"/Users/azrilmuh/Documents/Hacktiv8/IP-HCK82/Server/tests/setup.test.js","statementMap":{"0":{"start":{"line":1,"column":14},"end":{"line":1,"column":32}},"1":{"start":{"line":2,"column":22},"end":{"line":2,"column":42}},"2":{"start":{"line":5,"column":0},"end":{"line":19,"column":3}},"3":{"start":{"line":6,"column":2},"end":{"line":18,"column":4}},"4":{"start":{"line":21,"column":0},"end":{"line":60,"column":3}},"5":{"start":{"line":22,"column":2},"end":{"line":24,"column":5}},"6":{"start":{"line":23,"column":4},"end":{"line":23,"column":52}},"7":{"start":{"line":26,"column":2},"end":{"line":28,"column":5}},"8":{"start":{"line":27,"column":4},"end":{"line":27,"column":51}},"9":{"start":{"line":30,"column":2},"end":{"line":33,"column":5}},"10":{"start":{"line":31,"column":4},"end":{"line":31,"column":28}},"11":{"start":{"line":32,"column":4},"end":{"line":32,"column":46}},"12":{"start":{"line":35,"column":2},"end":{"line":38,"column":5}},"13":{"start":{"line":36,"column":4},"end":{"line":36,"column":27}},"14":{"start":{"line":37,"column":4},"end":{"line":37,"column":47}},"15":{"start":{"line":40,"column":2},"end":{"line":59,"column":5}},"16":{"start":{"line":41,"column":22},"end":{"line":52,"column":5}},"17":{"start":{"line":54,"column":4},"end":{"line":54,"column":37}},"18":{"start":{"line":56,"column":4},"end":{"line":56,"column":46}},"19":{"start":{"line":57,"column":4},"end":{"line":57,"column":61}},"20":{"start":{"line":58,"column":4},"end":{"line":58,"column":77}}},"fnMap":{"0":{"name":"(anonymous_0)","decl":{"start":{"line":5,"column":23},"end":{"line":5,"column":24}},"loc":{"start":{"line":5,"column":29},"end":{"line":19,"column":1}},"line":5},"1":{"name":"(anonymous_1)","decl":{"start":{"line":21,"column":23},"end":{"line":21,"column":24}},"loc":{"start":{"line":21,"column":29},"end":{"line":60,"column":1}},"line":21},"2":{"name":"(anonymous_2)","decl":{"start":{"line":22,"column":41},"end":{"line":22,"column":42}},"loc":{"start":{"line":22,"column":47},"end":{"line":24,"column":3}},"line":22},"3":{"name":"(anonymous_3)","decl":{"start":{"line":26,"column":40},"end":{"line":26,"column":41}},"loc":{"start":{"line":26,"column":46},"end":{"line":28,"column":3}},"line":26},"4":{"name":"(anonymous_4)","decl":{"start":{"line":30,"column":50},"end":{"line":30,"column":51}},"loc":{"start":{"line":30,"column":62},"end":{"line":33,"column":3}},"line":30},"5":{"name":"(anonymous_5)","decl":{"start":{"line":35,"column":50},"end":{"line":35,"column":51}},"loc":{"start":{"line":35,"column":62},"end":{"line":38,"column":3}},"line":35},"6":{"name":"(anonymous_6)","decl":{"start":{"line":40,"column":47},"end":{"line":40,"column":48}},"loc":{"start":{"line":40,"column":59},"end":{"line":59,"column":3}},"line":40}},"branchMap":{},"s":{"0":0,"1":0,"2":0,"3":0,"4":0,"5":0,"6":0,"7":0,"8":0,"9":0,"10":0,"11":0,"12":0,"13":0,"14":0,"15":0,"16":0,"17":0,"18":0,"19":0,"20":0},"f":{"0":0,"1":0,"2":0,"3":0,"4":0,"5":0,"6":0},"b":{}}
}
