TN:
SF:app.js
FN:22,(anonymous_0)
FN:25,(anonymous_1)
FNF:2
FNH:2
FNDA:1,(anonymous_0)
FNDA:3,(anonymous_1)
DA:1,3
DA:2,3
DA:5,3
DA:6,3
DA:8,3
DA:9,3
DA:10,3
DA:11,3
DA:12,3
DA:13,3
DA:14,3
DA:15,3
DA:16,3
DA:17,3
DA:19,3
DA:20,3
DA:21,3
DA:22,3
DA:23,1
DA:25,3
DA:26,3
DA:27,3
DA:28,1
DA:30,2
DA:31,2
DA:36,1
DA:37,1
DA:38,0
DA:40,1
DA:51,1
DA:53,1
DA:58,1
DA:62,3
DA:63,3
DA:64,3
DA:65,3
DA:66,3
DA:67,3
DA:68,3
DA:69,3
DA:70,3
DA:71,3
DA:72,3
DA:74,3
DA:76,3
LF:45
LH:44
BRDA:1,0,0,3
BRDA:1,0,1,0
BRDA:27,1,0,1
BRDA:27,1,1,2
BRDA:37,2,0,0
BRDA:37,2,1,1
BRDA:37,3,0,1
BRDA:37,3,1,1
BRDA:43,4,0,1
BRDA:43,4,1,0
BRDA:54,5,0,1
BRDA:54,5,1,0
BRF:12
BRH:8
end_of_record
TN:
SF:Controllers/UserController.js
FN:6,(anonymous_0)
FN:24,(anonymous_1)
FNF:2
FNH:2
FNDA:5,(anonymous_0)
FNDA:10,(anonymous_1)
DA:1,4
DA:2,4
DA:3,4
DA:7,5
DA:8,5
DA:9,5
DA:14,2
DA:20,3
DA:25,10
DA:26,10
DA:27,10
DA:28,3
DA:32,7
DA:33,6
DA:34,2
DA:36,4
DA:37,4
DA:38,2
DA:40,2
DA:41,2
DA:43,1
DA:48,4
LF:22
LH:22
BRDA:27,0,0,3
BRDA:27,0,1,7
BRDA:27,1,0,10
BRDA:27,1,1,9
BRDA:33,2,0,2
BRDA:33,2,1,4
BRDA:37,3,0,2
BRDA:37,3,1,2
BRF:8
BRH:8
end_of_record
TN:
SF:Controllers/controller.js
FN:7,(anonymous_0)
FN:27,(anonymous_1)
FN:45,(anonymous_2)
FN:62,(anonymous_3)
FN:78,(anonymous_4)
FN:97,(anonymous_5)
FN:117,(anonymous_6)
FN:130,(anonymous_7)
FN:143,(anonymous_8)
FN:154,(anonymous_9)
FN:159,(anonymous_10)
FN:168,(anonymous_11)
FNF:12
FNH:12
FNDA:4,(anonymous_0)
FNDA:4,(anonymous_1)
FNDA:6,(anonymous_2)
FNDA:5,(anonymous_3)
FNDA:7,(anonymous_4)
FNDA:7,(anonymous_5)
FNDA:3,(anonymous_6)
FNDA:3,(anonymous_7)
FNDA:3,(anonymous_8)
FNDA:2,(anonymous_9)
FNDA:2,(anonymous_10)
FNDA:2,(anonymous_11)
DA:1,4
DA:2,4
DA:3,4
DA:4,4
DA:8,4
DA:9,4
DA:13,3
DA:14,1
DA:17,2
DA:20,1
DA:21,1
DA:23,0
DA:28,4
DA:29,4
DA:31,3
DA:32,1
DA:35,2
DA:38,1
DA:39,1
DA:41,0
DA:46,6
DA:47,6
DA:52,3
DA:55,3
DA:56,3
DA:58,0
DA:63,5
DA:64,5
DA:68,4
DA:71,1
DA:72,1
DA:74,0
DA:79,7
DA:80,7
DA:82,7
DA:83,3
DA:86,4
DA:87,3
DA:90,1
DA:91,1
DA:93,0
DA:98,7
DA:99,7
DA:103,6
DA:104,3
DA:107,3
DA:110,1
DA:111,1
DA:113,0
DA:118,3
DA:119,3
DA:120,3
DA:125,3
DA:126,1
DA:130,3
DA:132,2
DA:133,2
DA:137,1
DA:139,1
DA:144,3
DA:146,3
DA:151,2
DA:152,2
DA:154,2
DA:159,2
DA:162,2
DA:163,2
DA:166,2
DA:169,2
DA:173,2
DA:176,2
DA:177,2
DA:180,2
DA:181,2
DA:183,2
DA:184,2
DA:185,1
DA:188,1
DA:192,0
DA:195,2
DA:201,1
DA:206,4
LF:82
LH:75
BRDA:13,0,0,1
BRDA:13,0,1,2
BRDA:20,1,0,1
BRDA:20,1,1,0
BRDA:31,2,0,1
BRDA:31,2,1,2
BRDA:38,3,0,1
BRDA:38,3,1,0
BRDA:55,4,0,3
BRDA:55,4,1,0
BRDA:71,5,0,1
BRDA:71,5,1,0
BRDA:82,6,0,3
BRDA:82,6,1,4
BRDA:90,7,0,1
BRDA:90,7,1,0
BRDA:103,8,0,3
BRDA:103,8,1,3
BRDA:110,9,0,1
BRDA:110,9,1,0
BRDA:119,10,0,3
BRDA:119,10,1,0
BRDA:125,11,0,1
BRDA:125,11,1,2
BRDA:184,12,0,1
BRDA:184,12,1,1
BRF:26
BRH:19
end_of_record
TN:
SF:Controllers/errorHandlers.js
FN:1,errorHandlers
FNF:1
FNH:1
FNDA:21,errorHandlers
DA:2,21
DA:5,4
DA:6,4
DA:8,1
DA:9,1
DA:11,3
DA:12,3
DA:14,10
DA:15,10
DA:17,1
DA:18,1
DA:20,1
DA:21,1
DA:23,1
DA:27,4
LF:15
LH:15
BRDA:2,0,0,2
BRDA:2,0,1,4
BRDA:2,0,2,1
BRDA:2,0,3,3
BRDA:2,0,4,10
BRDA:2,0,5,1
BRDA:2,0,6,1
BRDA:2,0,7,1
BRF:8
BRH:8
end_of_record
TN:
SF:bin/www
FN:8,(anonymous_0)
FNF:1
FNH:1
FNDA:4,(anonymous_0)
DA:1,4
DA:2,3
DA:5,4
DA:6,4
DA:8,4
DA:9,4
LF:6
LH:6
BRDA:1,0,0,3
BRDA:1,0,1,1
BRDA:6,1,0,4
BRDA:6,1,1,3
BRF:4
BRH:4
end_of_record
TN:
SF:helpers/bcrypt.js
FN:3,(anonymous_0)
FN:8,(anonymous_1)
FNF:2
FNH:2
FNDA:13,(anonymous_0)
FNDA:7,(anonymous_1)
DA:1,5
DA:3,5
DA:4,13
DA:5,13
DA:8,5
DA:9,7
DA:11,5
LF:7
LH:7
BRF:0
BRH:0
end_of_record
TN:
SF:helpers/jwt.js
FN:4,(anonymous_0)
FN:7,(anonymous_1)
FNF:2
FNH:2
FNDA:6,(anonymous_0)
FNDA:24,(anonymous_1)
DA:1,4
DA:2,4
DA:3,4
DA:4,4
DA:5,6
DA:7,4
DA:8,24
DA:10,4
LF:8
LH:8
BRF:0
BRH:0
end_of_record
TN:
SF:middlewares/authentication.js
FN:4,(anonymous_0)
FNF:1
FNH:1
FNDA:38,(anonymous_0)
DA:1,4
DA:2,4
DA:4,4
DA:5,38
DA:6,38
DA:7,9
DA:8,9
DA:12,29
DA:13,2
DA:14,2
DA:17,27
DA:18,27
DA:19,0
DA:20,0
DA:23,27
DA:24,27
DA:25,22
DA:27,21
DA:28,2
DA:29,2
DA:31,19
DA:32,19
DA:34,6
DA:38,4
LF:24
LH:22
BRDA:6,0,0,9
BRDA:6,0,1,29
BRDA:12,1,0,2
BRDA:12,1,1,27
BRDA:18,2,0,0
BRDA:18,2,1,27
BRDA:27,3,0,2
BRDA:27,3,1,19
BRF:8
BRH:7
end_of_record
TN:
SF:models/index.js
FN:25,(anonymous_0)
FN:33,(anonymous_1)
FN:41,(anonymous_2)
FNF:3
FNH:3
FNDA:12,(anonymous_0)
FNDA:8,(anonymous_1)
FNDA:8,(anonymous_2)
DA:3,4
DA:4,4
DA:5,4
DA:6,4
DA:7,4
DA:8,4
DA:9,4
DA:10,4
DA:13,4
DA:14,0
DA:16,4
DA:24,4
DA:26,12
DA:34,8
DA:38,8
DA:41,4
DA:42,8
DA:43,8
DA:47,4
DA:48,4
DA:50,4
LF:21
LH:20
BRDA:8,0,0,4
BRDA:8,0,1,0
BRDA:13,1,0,0
BRDA:13,1,1,4
BRDA:27,2,0,12
BRDA:27,2,1,12
BRDA:27,2,2,8
BRDA:27,2,3,8
BRDA:42,3,0,8
BRDA:42,3,1,0
BRF:10
BRH:7
end_of_record
TN:
SF:models/preference.js
FN:3,(anonymous_0)
FN:10,(anonymous_1)
FNF:2
FNH:2
FNDA:4,(anonymous_0)
FNDA:4,(anonymous_1)
DA:2,4
DA:3,4
DA:11,4
DA:17,4
DA:65,4
LF:5
LH:5
BRF:0
BRH:0
end_of_record
TN:
SF:models/user.js
FN:5,(anonymous_0)
FN:12,(anonymous_1)
FN:59,(anonymous_2)
FNF:3
FNH:3
FNDA:4,(anonymous_0)
FNDA:4,(anonymous_1)
FNDA:6,(anonymous_2)
DA:2,4
DA:3,4
DA:5,4
DA:13,4
DA:19,4
DA:59,4
DA:60,6
DA:62,4
LF:8
LH:8
BRF:0
BRH:0
end_of_record
