TN:
SF:app.js
FNF:0
FNH:0
DA:1,1
DA:2,1
DA:3,1
DA:4,1
DA:5,1
DA:6,1
DA:7,1
DA:8,1
DA:9,1
DA:10,1
DA:11,1
DA:12,1
DA:13,1
DA:14,1
DA:15,1
DA:16,1
DA:17,1
DA:18,1
DA:19,1
DA:20,1
DA:21,1
DA:22,1
DA:23,0
DA:24,1
DA:25,1
DA:26,1
DA:27,1
DA:28,1
DA:29,1
DA:30,0
DA:31,0
DA:32,0
DA:33,0
DA:34,0
DA:35,0
DA:36,0
DA:37,1
DA:38,0
DA:39,0
DA:40,0
DA:41,0
DA:42,0
DA:43,1
DA:44,1
DA:45,1
DA:46,1
DA:47,1
DA:48,1
DA:49,1
DA:50,0
DA:51,0
DA:52,0
DA:53,0
DA:54,1
DA:55,1
DA:56,1
DA:57,0
DA:58,0
DA:59,0
DA:60,1
DA:61,1
DA:62,1
DA:63,1
DA:64,1
DA:65,1
DA:66,1
DA:67,1
DA:68,1
DA:69,1
DA:70,1
DA:71,1
DA:72,1
DA:73,1
DA:74,1
DA:75,1
DA:76,1
DA:77,1
DA:78,1
DA:79,1
DA:80,1
LF:80
LH:60
BRDA:25,0,0,1
BRDA:29,1,0,0
BRDA:37,2,0,0
BRDA:49,3,0,0
BRDA:54,4,0,0
BRDA:56,5,0,0
BRDA:76,6,0,1
BRF:7
BRH:2
end_of_record
TN:
SF:Controllers/UserController.js
FN:6,register
FN:26,login
FNF:2
FNH:2
FNDA:3,register
FNDA:5,login
DA:1,1
DA:2,1
DA:3,1
DA:4,1
DA:5,1
DA:6,1
DA:7,3
DA:8,3
DA:9,3
DA:10,3
DA:11,3
DA:12,3
DA:13,3
DA:14,0
DA:15,0
DA:16,0
DA:17,0
DA:18,0
DA:19,0
DA:20,3
DA:21,3
DA:22,3
DA:23,3
DA:24,3
DA:25,1
DA:26,1
DA:27,5
DA:28,5
DA:29,5
DA:30,1
DA:31,1
DA:32,1
DA:33,1
DA:34,4
DA:35,5
DA:36,1
DA:37,1
DA:38,3
DA:39,3
DA:40,3
DA:41,3
DA:42,0
DA:43,0
DA:44,0
DA:45,0
DA:46,0
DA:47,0
DA:48,5
DA:49,1
DA:50,1
DA:51,1
LF:51
LH:39
BRDA:6,0,0,3
BRDA:13,1,0,0
BRDA:26,2,0,5
BRDA:29,3,0,1
BRDA:33,4,0,4
BRDA:35,5,0,1
BRDA:37,6,0,3
BRDA:41,7,0,0
BRF:8
BRH:6
end_of_record
TN:
SF:Controllers/controller.js
FN:6,getProfile
FN:25,deleteProfile
FN:45,addPreference
FN:60,getPreference
FN:72,editPreference
FN:91,deletePreference
FN:110,getExternalData
FN:129,getRecommendationFromAi
FNF:8
FNH:8
FNDA:2,getProfile
FNDA:3,deleteProfile
FNDA:3,addPreference
FNDA:3,getPreference
FNDA:3,editPreference
FNDA:3,deletePreference
FNDA:6,getExternalData
FNDA:7,getRecommendationFromAi
DA:1,1
DA:2,1
DA:3,1
DA:4,1
DA:5,1
DA:6,1
DA:7,2
DA:8,2
DA:9,2
DA:10,2
DA:11,2
DA:12,2
DA:13,1
DA:14,1
DA:15,0
DA:16,0
DA:17,1
DA:18,1
DA:19,1
DA:20,1
DA:21,1
DA:22,1
DA:23,2
DA:24,1
DA:25,1
DA:26,3
DA:27,3
DA:28,3
DA:29,3
DA:30,3
DA:31,3
DA:32,3
DA:33,3
DA:34,1
DA:35,1
DA:36,1
DA:37,2
DA:38,2
DA:39,3
DA:40,0
DA:41,0
DA:42,0
DA:43,3
DA:44,1
DA:45,1
DA:46,3
DA:47,3
DA:48,3
DA:49,3
DA:50,3
DA:51,3
DA:52,2
DA:53,2
DA:54,2
DA:55,1
DA:56,1
DA:57,1
DA:58,3
DA:59,1
DA:60,1
DA:61,3
DA:62,3
DA:63,3
DA:64,3
DA:65,3
DA:66,3
DA:67,0
DA:68,0
DA:69,0
DA:70,3
DA:71,1
DA:72,1
DA:73,3
DA:74,3
DA:75,3
DA:76,3
DA:77,3
DA:78,1
DA:79,1
DA:80,1
DA:81,2
DA:82,2
DA:83,2
DA:84,2
DA:85,3
DA:86,0
DA:87,0
DA:88,0
DA:89,3
DA:90,1
DA:91,1
DA:92,3
DA:93,3
DA:94,3
DA:95,3
DA:96,3
DA:97,3
DA:98,3
DA:99,1
DA:100,1
DA:101,1
DA:102,2
DA:103,2
DA:104,3
DA:105,0
DA:106,0
DA:107,0
DA:108,3
DA:109,1
DA:110,1
DA:111,6
DA:112,6
DA:113,6
DA:114,6
DA:115,6
DA:116,6
DA:117,6
DA:118,6
DA:119,6
DA:120,6
DA:121,3
DA:122,3
DA:123,3
DA:124,3
DA:125,3
DA:126,3
DA:127,6
DA:128,1
DA:129,1
DA:130,7
DA:131,7
DA:132,7
DA:133,7
DA:134,7
DA:135,7
DA:136,7
DA:137,7
DA:138,6
DA:139,6
DA:140,6
DA:141,6
DA:142,6
DA:143,6
DA:144,6
DA:145,6
DA:146,6
DA:147,6
DA:148,6
DA:149,4
DA:150,4
DA:151,4
DA:152,4
DA:153,4
DA:154,4
DA:155,4
DA:156,4
DA:157,4
DA:158,4
DA:159,5
DA:160,3
DA:161,3
DA:162,3
DA:163,3
DA:164,3
DA:165,3
DA:166,3
DA:167,3
DA:168,1
DA:169,1
DA:170,1
DA:171,1
DA:172,1
DA:173,1
DA:174,1
DA:175,3
DA:176,2
DA:177,2
DA:178,2
DA:179,2
DA:180,2
DA:181,2
DA:182,2
DA:183,2
DA:184,2
DA:185,2
DA:186,2
DA:187,2
DA:188,2
DA:189,2
DA:190,2
DA:191,2
DA:192,2
DA:193,2
DA:194,2
DA:195,2
DA:196,2
DA:197,2
DA:198,2
DA:199,2
DA:200,2
DA:201,1
DA:202,2
DA:203,2
DA:204,1
DA:205,2
DA:206,2
DA:207,1
DA:208,2
DA:209,2
DA:210,2
DA:211,2
DA:212,2
DA:213,2
DA:214,2
DA:215,2
DA:216,2
DA:217,2
DA:218,1
DA:219,0
DA:220,0
DA:221,0
DA:222,0
DA:223,0
DA:224,0
DA:225,0
DA:226,0
DA:227,0
DA:228,0
DA:229,2
DA:230,2
DA:231,2
DA:232,3
DA:233,1
DA:234,1
DA:235,1
DA:236,1
DA:237,1
DA:238,1
DA:239,1
DA:240,1
DA:241,1
DA:242,1
DA:243,1
DA:244,1
DA:245,1
DA:246,1
DA:247,1
DA:248,1
DA:249,3
DA:250,7
DA:251,2
DA:252,2
DA:253,2
DA:254,7
DA:255,1
DA:256,1
DA:257,1
LF:257
LH:233
BRDA:6,0,0,2
BRDA:12,1,0,1
BRDA:14,2,0,0
BRDA:25,3,0,3
BRDA:33,4,0,2
BRDA:33,5,0,1
BRDA:39,6,0,0
BRDA:45,7,0,3
BRDA:51,8,0,2
BRDA:54,9,0,1
BRDA:60,10,0,3
BRDA:66,11,0,0
BRDA:72,12,0,3
BRDA:77,13,0,2
BRDA:77,14,0,1
BRDA:85,15,0,0
BRDA:91,16,0,3
BRDA:98,17,0,2
BRDA:98,18,0,1
BRDA:104,19,0,0
BRDA:110,20,0,6
BRDA:120,21,0,3
BRDA:116,22,0,3
BRDA:129,23,0,7
BRDA:137,24,0,6
BRDA:148,25,0,5
BRDA:148,26,0,4
BRDA:159,27,0,3
BRDA:167,28,0,1
BRDA:175,29,0,2
BRDA:218,30,0,1
BRDA:219,31,0,0
BRDA:232,32,0,1
BRDA:250,33,0,2
BRDA:133,34,0,7
BRDA:139,35,0,15
BRDA:180,36,0,2
BRDA:182,37,0,2
BRDA:199,38,0,1
BRDA:199,39,0,1
BRDA:201,40,0,1
BRDA:202,41,0,1
BRDA:204,42,0,1
BRDA:205,43,0,1
BRDA:207,44,0,1
BRDA:208,45,0,1
BRDA:209,46,0,0
BRDA:209,47,0,1
BRF:48
BRH:41
end_of_record
TN:
SF:Controllers/errorHandlers.js
FN:1,errorHandlers
FNF:1
FNH:1
FNDA:15,errorHandlers
DA:1,15
DA:2,15
DA:3,15
DA:4,15
DA:5,5
DA:6,5
DA:7,15
DA:8,1
DA:9,1
DA:10,15
DA:11,2
DA:12,2
DA:13,15
DA:14,0
DA:15,0
DA:16,15
DA:17,0
DA:18,0
DA:19,15
DA:20,2
DA:21,2
DA:22,15
DA:23,5
DA:24,15
DA:25,15
DA:26,1
DA:27,1
LF:27
LH:23
BRDA:1,0,0,15
BRDA:3,1,0,2
BRDA:4,2,0,5
BRDA:7,3,0,1
BRDA:10,4,0,2
BRDA:13,5,0,0
BRDA:16,6,0,0
BRDA:19,7,0,2
BRDA:22,8,0,5
BRF:9
BRH:7
end_of_record
TN:
SF:helpers/bcrypt.js
FN:3,hashPassword
FN:8,comparePassword
FNF:2
FNH:2
FNDA:13,hashPassword
FNDA:5,comparePassword
DA:1,1
DA:2,1
DA:3,1
DA:4,13
DA:5,13
DA:6,13
DA:7,1
DA:8,1
DA:9,5
DA:10,5
DA:11,1
LF:11
LH:11
BRDA:3,0,0,13
BRDA:8,1,0,5
BRF:2
BRH:2
end_of_record
TN:
SF:helpers/jwt.js
FN:4,signToken
FN:7,verifyToken
FNF:2
FNH:2
FNDA:3,signToken
FNDA:6,verifyToken
DA:1,1
DA:2,1
DA:3,1
DA:4,1
DA:5,3
DA:6,3
DA:7,1
DA:8,6
DA:9,6
DA:10,1
LF:10
LH:10
BRDA:4,0,0,3
BRDA:7,1,0,6
BRF:2
BRH:2
end_of_record
TN:
SF:middlewares/authentication.js
FN:4,authentication
FNF:1
FNH:1
FNDA:13,authentication
DA:1,1
DA:2,1
DA:3,1
DA:4,1
DA:5,13
DA:6,13
DA:7,3
DA:8,3
DA:9,3
DA:10,10
DA:11,10
DA:12,13
DA:13,2
DA:14,2
DA:15,2
DA:16,8
DA:17,8
DA:18,8
DA:19,8
DA:20,5
DA:21,13
DA:22,1
DA:23,1
DA:24,1
DA:25,4
DA:26,4
DA:27,13
DA:28,3
DA:29,3
DA:30,13
DA:31,1
DA:32,1
LF:32
LH:32
BRDA:4,0,0,13
BRDA:6,1,0,3
BRDA:9,2,0,10
BRDA:12,3,0,2
BRDA:15,4,0,11
BRDA:15,5,0,8
BRDA:19,6,0,5
BRDA:21,7,0,6
BRDA:21,8,0,1
BRDA:24,9,0,4
BRDA:27,10,0,3
BRF:11
BRH:11
end_of_record
TN:
SF:models/index.js
FNF:0
FNH:0
DA:1,1
DA:2,1
DA:3,1
DA:4,1
DA:5,1
DA:6,1
DA:7,1
DA:8,1
DA:9,1
DA:10,1
DA:11,1
DA:12,1
DA:13,1
DA:14,0
DA:15,1
DA:16,1
DA:17,1
DA:18,1
DA:19,1
DA:20,1
DA:21,1
DA:22,1
DA:23,1
DA:24,1
DA:25,1
DA:26,21
DA:27,21
DA:28,21
DA:29,21
DA:30,14
DA:31,21
DA:32,21
DA:33,1
DA:34,14
DA:35,14
DA:36,14
DA:37,14
DA:38,14
DA:39,1
DA:40,1
DA:41,1
DA:42,14
DA:43,14
DA:44,14
DA:45,1
DA:46,1
DA:47,1
DA:48,1
DA:49,1
DA:50,1
LF:50
LH:49
BRDA:8,0,0,0
BRDA:13,1,0,0
BRDA:25,2,0,21
BRDA:28,3,0,14
BRDA:29,4,0,14
BRDA:33,5,0,14
BRDA:41,6,0,14
BRF:7
BRH:5
end_of_record
TN:
SF:models/preference.js
FN:3,Object.<anonymous>.module.exports
FN:10,associate
FNF:2
FNH:2
FNDA:7,Object.<anonymous>.module.exports
FNDA:7,associate
DA:1,1
DA:2,1
DA:3,1
DA:4,7
DA:5,7
DA:6,7
DA:7,7
DA:8,7
DA:9,7
DA:10,7
DA:11,7
DA:12,7
DA:13,7
DA:14,7
DA:15,7
DA:16,7
DA:17,7
DA:18,7
DA:19,7
DA:20,7
DA:21,7
DA:22,7
DA:23,7
DA:24,7
DA:25,7
DA:26,7
DA:27,7
DA:28,7
DA:29,7
DA:30,7
DA:31,7
DA:32,7
DA:33,7
DA:34,7
DA:35,7
DA:36,7
DA:37,7
DA:38,7
DA:39,7
DA:40,7
DA:41,7
DA:42,7
DA:43,7
DA:44,7
DA:45,7
DA:46,7
DA:47,7
DA:48,7
DA:49,7
DA:50,7
DA:51,7
DA:52,7
DA:53,7
DA:54,7
DA:55,7
DA:56,7
DA:57,7
DA:58,7
DA:59,7
DA:60,7
DA:61,7
DA:62,7
DA:63,7
DA:64,7
DA:65,7
DA:66,7
LF:66
LH:66
BRDA:3,0,0,7
BRDA:10,1,0,7
BRF:2
BRH:2
end_of_record
TN:
SF:models/user.js
FN:5,Object.<anonymous>.module.exports
FN:12,associate
FNF:2
FNH:2
FNDA:7,Object.<anonymous>.module.exports
FNDA:7,associate
DA:1,1
DA:2,1
DA:3,1
DA:4,1
DA:5,1
DA:6,7
DA:7,7
DA:8,7
DA:9,7
DA:10,7
DA:11,7
DA:12,7
DA:13,7
DA:14,7
DA:15,7
DA:16,7
DA:17,7
DA:18,7
DA:19,7
DA:20,7
DA:21,7
DA:22,7
DA:23,7
DA:24,7
DA:25,7
DA:26,7
DA:27,7
DA:28,7
DA:29,7
DA:30,7
DA:31,7
DA:32,7
DA:33,7
DA:34,7
DA:35,7
DA:36,7
DA:37,7
DA:38,7
DA:39,7
DA:40,7
DA:41,7
DA:42,7
DA:43,7
DA:44,7
DA:45,7
DA:46,7
DA:47,7
DA:48,7
DA:49,7
DA:50,7
DA:51,7
DA:52,7
DA:53,7
DA:54,7
DA:55,7
DA:56,7
DA:57,7
DA:58,7
DA:59,7
DA:60,7
DA:61,7
DA:62,7
DA:63,7
LF:63
LH:63
BRDA:5,0,0,7
BRDA:12,1,0,7
BRDA:59,2,0,7
BRF:3
BRH:3
end_of_record
